11:56:30.029 [background-preinit]   [34mINFO [0;39m o.h.validator.internal.util.Version - HV000001: Hibernate Validator 6.2.0.Final
11:56:30.045 [main]                 [34mINFO [0;39m com.example.demo2.Application - Starting Application using Java 10.0.2 on My-PC with PID 2060 (D:\Java\Project IDEA\demo2\target\classes started by Макс in D:\Java\Project IDEA\demo2)
11:56:30.061 [main]                 [34mINFO [0;39m com.example.demo2.Application - No active profile set, falling back to default profiles: default
11:56:30.575 [background-preinit]   [31mWARN [0;39m o.s.h.c.j.Jackson2ObjectMapperBuilder - For Jackson Kotlin classes support please add "com.fasterxml.jackson.module:jackson-module-kotlin" to the classpath
11:56:30.981 [main]                 [34mINFO [0;39m o.s.d.r.c.RepositoryConfigurationDelegate - Bootstrapping Spring Data JPA repositories in DEFAULT mode.
11:56:31.075 [main]                 [34mINFO [0;39m o.s.d.r.c.RepositoryConfigurationDelegate - Finished Spring Data repository scanning in 75 ms. Found 6 JPA repository interfaces.
11:56:31.511 [main]                 [34mINFO [0;39m o.s.c.s.PostProcessorRegistrationDelegate$BeanPostProcessorChecker - Bean 'org.springframework.security.access.expression.method.DefaultMethodSecurityExpressionHandler@2c7106d9' of type [org.springframework.security.access.expression.method.DefaultMethodSecurityExpressionHandler] is not eligible for getting processed by all BeanPostProcessors (for example: not eligible for auto-proxying)
11:56:31.511 [main]                 [34mINFO [0;39m o.s.c.s.PostProcessorRegistrationDelegate$BeanPostProcessorChecker - Bean 'methodSecurityMetadataSource' of type [org.springframework.security.access.method.DelegatingMethodSecurityMetadataSource] is not eligible for getting processed by all BeanPostProcessors (for example: not eligible for auto-proxying)
11:56:31.933 [main]                 [34mINFO [0;39m o.s.b.w.e.tomcat.TomcatWebServer - Tomcat initialized with port(s): 443 (https)
11:56:31.933 [main]                 [34mINFO [0;39m o.a.coyote.http11.Http11NioProtocol - Initializing ProtocolHandler ["https-jsse-nio-443"]
11:56:31.933 [main]                 [34mINFO [0;39m o.a.catalina.core.StandardService - Starting service [Tomcat]
11:56:31.933 [main]                 [34mINFO [0;39m o.a.catalina.core.StandardEngine - Starting Servlet engine: [Apache Tomcat/9.0.46]
11:56:32.042 [main]                 [34mINFO [0;39m o.a.c.c.C.[Tomcat].[localhost].[/] - Initializing Spring embedded WebApplicationContext
11:56:32.042 [main]                 [34mINFO [0;39m o.s.b.w.s.c.ServletWebServerApplicationContext - Root WebApplicationContext: initialization completed in 1935 ms
11:56:32.229 [main]                 [34mINFO [0;39m o.f.c.i.license.VersionPrinter - Flyway Community Edition 7.7.3 by Redgate
11:56:32.245 [main]                 [34mINFO [0;39m com.zaxxer.hikari.HikariDataSource - HikariPool-1 - Starting...
11:56:32.619 [main]                 [34mINFO [0;39m com.zaxxer.hikari.HikariDataSource - HikariPool-1 - Start completed.
11:56:32.666 [main]                 [34mINFO [0;39m o.f.c.i.database.base.DatabaseType - Database: jdbc:mysql://localhost:3306/forflyway (MySQL 8.0)
11:56:32.744 [main]                 [34mINFO [0;39m o.f.core.internal.command.DbValidate - Successfully validated 2 migrations (execution time 00:00.036s)
11:56:32.759 [main]                 [34mINFO [0;39m o.f.core.internal.command.DbMigrate - Current version of schema `forflyway`: 2
11:56:32.759 [main]                 [34mINFO [0;39m o.f.core.internal.command.DbMigrate - Schema `forflyway` is up to date. No migration necessary.
11:56:32.837 [main]                 [34mINFO [0;39m o.h.jpa.internal.util.LogHelper - HHH000204: Processing PersistenceUnitInfo [name: default]
11:56:32.915 [main]                 [34mINFO [0;39m org.hibernate.Version - HHH000412: Hibernate ORM core version 5.4.31.Final
11:56:33.071 [main]                 [34mINFO [0;39m o.h.annotations.common.Version - HCANN000001: Hibernate Commons Annotations {5.1.2.Final}
11:56:33.212 [main]                 [34mINFO [0;39m org.hibernate.dialect.Dialect - HHH000400: Using dialect: org.hibernate.dialect.MySQL5Dialect
11:56:34.007 [main]                 [34mINFO [0;39m o.h.e.t.j.p.i.JtaPlatformInitiator - HHH000490: Using JtaPlatform implementation: [org.hibernate.engine.transaction.jta.platform.internal.NoJtaPlatform]
11:56:34.007 [main]                 [34mINFO [0;39m o.s.o.j.LocalContainerEntityManagerFactoryBean - Initialized JPA EntityManagerFactory for persistence unit 'default'
11:56:34.054 [main]                 [31mWARN [0;39m o.s.b.a.o.j.JpaBaseConfiguration$JpaWebConfiguration - spring.jpa.open-in-view is enabled by default. Therefore, database queries may be performed during view rendering. Explicitly configure spring.jpa.open-in-view to disable this warning
11:56:34.881 [main]                 [34mINFO [0;39m o.s.s.web.DefaultSecurityFilterChain - Will secure Ant [pattern='/css/**'] with []
11:56:34.881 [main]                 [34mINFO [0;39m o.s.s.web.DefaultSecurityFilterChain - Will secure Ant [pattern='/js/**'] with []
11:56:34.881 [main]                 [34mINFO [0;39m o.s.s.web.DefaultSecurityFilterChain - Will secure Ant [pattern='/fonts/**'] with []
11:56:34.881 [main]                 [34mINFO [0;39m o.s.s.web.DefaultSecurityFilterChain - Will secure Ant [pattern='/images/**'] with []
11:56:34.912 [main]                 [34mINFO [0;39m o.s.s.w.a.c.ChannelProcessingFilter - Validated configuration attributes
11:56:34.928 [main]                 [34mINFO [0;39m o.s.s.web.DefaultSecurityFilterChain - Will secure any request with [org.springframework.security.web.access.channel.ChannelProcessingFilter@543196f9, org.springframework.security.web.context.request.async.WebAsyncManagerIntegrationFilter@51d2d336, org.springframework.security.web.context.SecurityContextPersistenceFilter@2f98fe6f, org.springframework.security.web.header.HeaderWriterFilter@5b53c3c5, org.springframework.security.web.authentication.logout.LogoutFilter@395115ac, org.springframework.security.web.authentication.UsernamePasswordAuthenticationFilter@112b3298, org.springframework.security.web.savedrequest.RequestCacheAwareFilter@7d0312a, org.springframework.security.web.servletapi.SecurityContextHolderAwareRequestFilter@9ba167e, org.springframework.security.web.authentication.AnonymousAuthenticationFilter@90c01ab, org.springframework.security.web.session.SessionManagementFilter@65dd2191, org.springframework.security.web.access.ExceptionTranslationFilter@3ec98000, org.springframework.security.web.access.intercept.FilterSecurityInterceptor@6eb332d1]
11:56:35.146 [main]                 [34mINFO [0;39m o.s.b.a.w.s.WelcomePageHandlerMapping - Adding welcome page template: index
11:56:35.365 [main]                 [34mINFO [0;39m o.s.b.a.s.s.UserDetailsServiceAutoConfiguration - 

Using generated security password: b60c10f5-852f-4c30-9199-104f008e643f

11:56:35.365 [main]                 [34mINFO [0;39m o.a.coyote.http11.Http11NioProtocol - Starting ProtocolHandler ["https-jsse-nio-443"]
11:56:35.957 [main]                 [34mINFO [0;39m o.s.b.w.e.tomcat.TomcatWebServer - Tomcat started on port(s): 443 (https) with context path ''
11:56:35.973 [main]                 [34mINFO [0;39m com.example.demo2.Application - Started Application in 6.713 seconds (JVM running for 7.568)
11:56:35.973 [main]                 [34mINFO [0;39m o.s.b.a.ApplicationAvailabilityBean - Application availability state LivenessState changed to CORRECT
11:56:35.973 [main]                 [34mINFO [0;39m o.s.b.a.ApplicationAvailabilityBean - Application availability state ReadinessState changed to ACCEPTING_TRAFFIC
11:56:54.328 [https-jsse-nio-443-exec-8] [34mINFO [0;39m o.a.c.c.C.[Tomcat].[localhost].[/] - Initializing Spring DispatcherServlet 'dispatcherServlet'
11:56:54.329 [https-jsse-nio-443-exec-8] [34mINFO [0;39m o.s.web.servlet.DispatcherServlet - Initializing Servlet 'dispatcherServlet'
11:56:54.330 [https-jsse-nio-443-exec-8] [34mINFO [0;39m o.s.web.servlet.DispatcherServlet - Completed initialization in 1 ms
11:57:07.769 [https-jsse-nio-443-exec-2] [34mINFO [0;39m c.e.d.s.users.DefaultUsersService - !!!message by DefaultUserService, method findAll!!!
11:57:10.557 [https-jsse-nio-443-exec-9] [34mINFO [0;39m c.e.d.s.f.DefaultFilesInfoService - !!!message by DefaultFilesInfoService, method findAllFilesName!!!
11:57:18.950 [https-jsse-nio-443-exec-4] [34mINFO [0;39m c.e.d.s.f.DefaultFilesInfoService - !!!message by DefaultUserService, method singleFileUpload!!!
11:57:18.954 [https-jsse-nio-443-exec-4] [34mINFO [0;39m c.e.d.s.f.DefaultFilesInfoService - !!!message by DefaultUserService, method singleFileUpload!!! - path =src\main\java\com\example\demo2\forDownload\elvl842w0am8x09 (1).jfif
11:57:20.406 [https-jsse-nio-443-exec-3] [34mINFO [0;39m c.e.d.s.f.DefaultFilesInfoService - !!!message by DefaultFilesInfoService, method findAllFilesName!!!
11:57:38.008 [https-jsse-nio-443-exec-4] [34mINFO [0;39m c.e.d.s.admin.DefaultAdminService - !!!message by DefaultAdminService, method findAll!!!
