11:56:30.029 [background-preinit]   [34mINFO [0;39m o.h.validator.internal.util.Version - HV000001: Hibernate Validator 6.2.0.Final
11:56:30.045 [main]                 [34mINFO [0;39m com.example.demo2.Application - Starting Application using Java 10.0.2 on My-PC with PID 2060 (D:\Java\Project IDEA\demo2\target\classes started by Макс in D:\Java\Project IDEA\demo2)
11:56:30.061 [main]                 [34mINFO [0;39m com.example.demo2.Application - No active profile set, falling back to default profiles: default
11:56:30.575 [background-preinit]   [31mWARN [0;39m o.s.h.c.j.Jackson2ObjectMapperBuilder - For Jackson Kotlin classes support please add "com.fasterxml.jackson.module:jackson-module-kotlin" to the classpath
11:56:30.981 [main]                 [34mINFO [0;39m o.s.d.r.c.RepositoryConfigurationDelegate - Bootstrapping Spring Data JPA repositories in DEFAULT mode.
11:56:31.075 [main]                 [34mINFO [0;39m o.s.d.r.c.RepositoryConfigurationDelegate - Finished Spring Data repository scanning in 75 ms. Found 6 JPA repository interfaces.
11:56:31.511 [main]                 [34mINFO [0;39m o.s.c.s.PostProcessorRegistrationDelegate$BeanPostProcessorChecker - Bean 'org.springframework.security.access.expression.method.DefaultMethodSecurityExpressionHandler@2c7106d9' of type [org.springframework.security.access.expression.method.DefaultMethodSecurityExpressionHandler] is not eligible for getting processed by all BeanPostProcessors (for example: not eligible for auto-proxying)
11:56:31.511 [main]                 [34mINFO [0;39m o.s.c.s.PostProcessorRegistrationDelegate$BeanPostProcessorChecker - Bean 'methodSecurityMetadataSource' of type [org.springframework.security.access.method.DelegatingMethodSecurityMetadataSource] is not eligible for getting processed by all BeanPostProcessors (for example: not eligible for auto-proxying)
11:56:31.933 [main]                 [34mINFO [0;39m o.s.b.w.e.tomcat.TomcatWebServer - Tomcat initialized with port(s): 443 (https)
11:56:31.933 [main]                 [34mINFO [0;39m o.a.coyote.http11.Http11NioProtocol - Initializing ProtocolHandler ["https-jsse-nio-443"]
11:56:31.933 [main]                 [34mINFO [0;39m o.a.catalina.core.StandardService - Starting service [Tomcat]
11:56:31.933 [main]                 [34mINFO [0;39m o.a.catalina.core.StandardEngine - Starting Servlet engine: [Apache Tomcat/9.0.46]
11:56:32.042 [main]                 [34mINFO [0;39m o.a.c.c.C.[Tomcat].[localhost].[/] - Initializing Spring embedded WebApplicationContext
11:56:32.042 [main]                 [34mINFO [0;39m o.s.b.w.s.c.ServletWebServerApplicationContext - Root WebApplicationContext: initialization completed in 1935 ms
11:56:32.229 [main]                 [34mINFO [0;39m o.f.c.i.license.VersionPrinter - Flyway Community Edition 7.7.3 by Redgate
11:56:32.245 [main]                 [34mINFO [0;39m com.zaxxer.hikari.HikariDataSource - HikariPool-1 - Starting...
11:56:32.619 [main]                 [34mINFO [0;39m com.zaxxer.hikari.HikariDataSource - HikariPool-1 - Start completed.
11:56:32.666 [main]                 [34mINFO [0;39m o.f.c.i.database.base.DatabaseType - Database: jdbc:mysql://localhost:3306/forflyway (MySQL 8.0)
11:56:32.744 [main]                 [34mINFO [0;39m o.f.core.internal.command.DbValidate - Successfully validated 2 migrations (execution time 00:00.036s)
11:56:32.759 [main]                 [34mINFO [0;39m o.f.core.internal.command.DbMigrate - Current version of schema `forflyway`: 2
11:56:32.759 [main]                 [34mINFO [0;39m o.f.core.internal.command.DbMigrate - Schema `forflyway` is up to date. No migration necessary.
11:56:32.837 [main]                 [34mINFO [0;39m o.h.jpa.internal.util.LogHelper - HHH000204: Processing PersistenceUnitInfo [name: default]
11:56:32.915 [main]                 [34mINFO [0;39m org.hibernate.Version - HHH000412: Hibernate ORM core version 5.4.31.Final
11:56:33.071 [main]                 [34mINFO [0;39m o.h.annotations.common.Version - HCANN000001: Hibernate Commons Annotations {5.1.2.Final}
11:56:33.212 [main]                 [34mINFO [0;39m org.hibernate.dialect.Dialect - HHH000400: Using dialect: org.hibernate.dialect.MySQL5Dialect
11:56:34.007 [main]                 [34mINFO [0;39m o.h.e.t.j.p.i.JtaPlatformInitiator - HHH000490: Using JtaPlatform implementation: [org.hibernate.engine.transaction.jta.platform.internal.NoJtaPlatform]
11:56:34.007 [main]                 [34mINFO [0;39m o.s.o.j.LocalContainerEntityManagerFactoryBean - Initialized JPA EntityManagerFactory for persistence unit 'default'
11:56:34.054 [main]                 [31mWARN [0;39m o.s.b.a.o.j.JpaBaseConfiguration$JpaWebConfiguration - spring.jpa.open-in-view is enabled by default. Therefore, database queries may be performed during view rendering. Explicitly configure spring.jpa.open-in-view to disable this warning
11:56:34.881 [main]                 [34mINFO [0;39m o.s.s.web.DefaultSecurityFilterChain - Will secure Ant [pattern='/css/**'] with []
11:56:34.881 [main]                 [34mINFO [0;39m o.s.s.web.DefaultSecurityFilterChain - Will secure Ant [pattern='/js/**'] with []
11:56:34.881 [main]                 [34mINFO [0;39m o.s.s.web.DefaultSecurityFilterChain - Will secure Ant [pattern='/fonts/**'] with []
11:56:34.881 [main]                 [34mINFO [0;39m o.s.s.web.DefaultSecurityFilterChain - Will secure Ant [pattern='/images/**'] with []
11:56:34.912 [main]                 [34mINFO [0;39m o.s.s.w.a.c.ChannelProcessingFilter - Validated configuration attributes
11:56:34.928 [main]                 [34mINFO [0;39m o.s.s.web.DefaultSecurityFilterChain - Will secure any request with [org.springframework.security.web.access.channel.ChannelProcessingFilter@543196f9, org.springframework.security.web.context.request.async.WebAsyncManagerIntegrationFilter@51d2d336, org.springframework.security.web.context.SecurityContextPersistenceFilter@2f98fe6f, org.springframework.security.web.header.HeaderWriterFilter@5b53c3c5, org.springframework.security.web.authentication.logout.LogoutFilter@395115ac, org.springframework.security.web.authentication.UsernamePasswordAuthenticationFilter@112b3298, org.springframework.security.web.savedrequest.RequestCacheAwareFilter@7d0312a, org.springframework.security.web.servletapi.SecurityContextHolderAwareRequestFilter@9ba167e, org.springframework.security.web.authentication.AnonymousAuthenticationFilter@90c01ab, org.springframework.security.web.session.SessionManagementFilter@65dd2191, org.springframework.security.web.access.ExceptionTranslationFilter@3ec98000, org.springframework.security.web.access.intercept.FilterSecurityInterceptor@6eb332d1]
11:56:35.146 [main]                 [34mINFO [0;39m o.s.b.a.w.s.WelcomePageHandlerMapping - Adding welcome page template: index
11:56:35.365 [main]                 [34mINFO [0;39m o.s.b.a.s.s.UserDetailsServiceAutoConfiguration - 

Using generated security password: b60c10f5-852f-4c30-9199-104f008e643f

11:56:35.365 [main]                 [34mINFO [0;39m o.a.coyote.http11.Http11NioProtocol - Starting ProtocolHandler ["https-jsse-nio-443"]
11:56:35.957 [main]                 [34mINFO [0;39m o.s.b.w.e.tomcat.TomcatWebServer - Tomcat started on port(s): 443 (https) with context path ''
11:56:35.973 [main]                 [34mINFO [0;39m com.example.demo2.Application - Started Application in 6.713 seconds (JVM running for 7.568)
11:56:35.973 [main]                 [34mINFO [0;39m o.s.b.a.ApplicationAvailabilityBean - Application availability state LivenessState changed to CORRECT
11:56:35.973 [main]                 [34mINFO [0;39m o.s.b.a.ApplicationAvailabilityBean - Application availability state ReadinessState changed to ACCEPTING_TRAFFIC
11:56:54.328 [https-jsse-nio-443-exec-8] [34mINFO [0;39m o.a.c.c.C.[Tomcat].[localhost].[/] - Initializing Spring DispatcherServlet 'dispatcherServlet'
11:56:54.329 [https-jsse-nio-443-exec-8] [34mINFO [0;39m o.s.web.servlet.DispatcherServlet - Initializing Servlet 'dispatcherServlet'
11:56:54.330 [https-jsse-nio-443-exec-8] [34mINFO [0;39m o.s.web.servlet.DispatcherServlet - Completed initialization in 1 ms
12:06:27.276 [main]                 [34mINFO [0;39m c.e.d.a.c.AdminControllerTest - Starting AdminControllerTest using Java 10.0.2 on My-PC with PID 7916 (started by Макс in D:\Java\Project IDEA\demo2)
12:06:27.276 [background-preinit]   [34mINFO [0;39m o.h.validator.internal.util.Version - HV000001: Hibernate Validator 6.2.0.Final
12:06:27.292 [main]                 [34mINFO [0;39m c.e.d.a.c.AdminControllerTest - No active profile set, falling back to default profiles: default
12:06:27.697 [background-preinit]   [31mWARN [0;39m o.s.h.c.j.Jackson2ObjectMapperBuilder - For Jackson Kotlin classes support please add "com.fasterxml.jackson.module:jackson-module-kotlin" to the classpath
12:06:27.994 [main]                 [34mINFO [0;39m o.s.b.t.a.j.TestDatabaseAutoConfiguration$EmbeddedDataSourceBeanFactoryPostProcessor - Replacing 'dataSource' DataSource bean with embedded version
12:06:28.540 [main]                 [34mINFO [0;39m o.s.c.s.PostProcessorRegistrationDelegate$BeanPostProcessorChecker - Bean 'org.springframework.security.access.expression.method.DefaultMethodSecurityExpressionHandler@19827608' of type [org.springframework.security.access.expression.method.DefaultMethodSecurityExpressionHandler] is not eligible for getting processed by all BeanPostProcessors (for example: not eligible for auto-proxying)
12:06:28.555 [main]                 [34mINFO [0;39m o.s.c.s.PostProcessorRegistrationDelegate$BeanPostProcessorChecker - Bean 'methodSecurityMetadataSource' of type [org.springframework.security.access.method.DelegatingMethodSecurityMetadataSource] is not eligible for getting processed by all BeanPostProcessors (for example: not eligible for auto-proxying)
12:06:28.820 [main]                 [34mINFO [0;39m o.s.j.d.e.EmbeddedDatabaseFactory - Starting embedded database: url='jdbc:h2:mem:525e093e-1611-411c-9497-dbd76fb05e3c;DB_CLOSE_DELAY=-1;DB_CLOSE_ON_EXIT=false', username='sa'
12:06:29.242 [main]                 [34mINFO [0;39m o.s.s.web.DefaultSecurityFilterChain - Will secure Ant [pattern='/css/**'] with []
12:06:29.242 [main]                 [34mINFO [0;39m o.s.s.web.DefaultSecurityFilterChain - Will secure Ant [pattern='/js/**'] with []
12:06:29.242 [main]                 [34mINFO [0;39m o.s.s.web.DefaultSecurityFilterChain - Will secure Ant [pattern='/fonts/**'] with []
12:06:29.242 [main]                 [34mINFO [0;39m o.s.s.web.DefaultSecurityFilterChain - Will secure Ant [pattern='/images/**'] with []
12:06:29.335 [main]                 [34mINFO [0;39m o.s.s.w.a.c.ChannelProcessingFilter - Validated configuration attributes
12:06:29.351 [main]                 [34mINFO [0;39m o.s.s.web.DefaultSecurityFilterChain - Will secure any request with [org.springframework.security.web.access.channel.ChannelProcessingFilter@3321291a, org.springframework.security.web.context.request.async.WebAsyncManagerIntegrationFilter@6cd45b6c, org.springframework.security.web.context.SecurityContextPersistenceFilter@5eeee124, org.springframework.security.web.header.HeaderWriterFilter@3d033453, org.springframework.security.web.authentication.logout.LogoutFilter@1bb96449, org.springframework.security.web.authentication.UsernamePasswordAuthenticationFilter@3313463c, org.springframework.security.web.savedrequest.RequestCacheAwareFilter@4e7bc939, org.springframework.security.web.servletapi.SecurityContextHolderAwareRequestFilter@687a0e40, org.springframework.security.web.authentication.AnonymousAuthenticationFilter@3a5b7d7e, org.springframework.security.web.session.SessionManagementFilter@38c10190, org.springframework.security.web.access.ExceptionTranslationFilter@67afe909, org.springframework.security.web.access.intercept.FilterSecurityInterceptor@4656fcc5]
12:06:29.803 [main]                 [34mINFO [0;39m o.s.b.a.w.s.WelcomePageHandlerMapping - Adding welcome page template: index
12:06:30.115 [main]                 [34mINFO [0;39m o.s.b.t.m.w.SpringBootMockServletContext - Initializing Spring TestDispatcherServlet ''
12:06:30.115 [main]                 [34mINFO [0;39m o.s.t.w.s.TestDispatcherServlet - Initializing Servlet ''
12:06:30.115 [main]                 [34mINFO [0;39m o.s.t.w.s.TestDispatcherServlet - Completed initialization in 0 ms
12:06:30.146 [main]                 [34mINFO [0;39m o.s.b.a.s.s.UserDetailsServiceAutoConfiguration - 

Using generated security password: f7d988a3-349a-45e9-95ea-de270394a280

12:06:30.162 [main]                 [34mINFO [0;39m c.e.d.a.c.AdminControllerTest - Started AdminControllerTest in 3.325 seconds (JVM running for 4.413)
12:06:30.396 [main]                 [34mINFO [0;39m o.s.b.t.a.w.s.WebMvcTestContextBootstrapper - Neither @ContextConfiguration nor @ContextHierarchy found for test class [com.example.demo2.fileInfo.controller.FilesInfoControllerTest], using SpringBootContextLoader
12:06:30.396 [main]                 [34mINFO [0;39m o.s.t.c.s.AbstractContextLoader - Could not detect default resource locations for test class [com.example.demo2.fileInfo.controller.FilesInfoControllerTest]: no resource found for suffixes {-context.xml, Context.groovy}.
12:06:30.396 [main]                 [34mINFO [0;39m o.s.t.c.s.AnnotationConfigContextLoaderUtils - Could not detect default configuration classes for test class [com.example.demo2.fileInfo.controller.FilesInfoControllerTest]: FilesInfoControllerTest does not declare any static, non-private, non-final, nested classes annotated with @Configuration.
12:06:30.396 [main]                 [34mINFO [0;39m o.s.b.t.c.SpringBootTestContextBootstrapper - Found @SpringBootConfiguration com.example.demo2.Application for test class com.example.demo2.fileInfo.controller.FilesInfoControllerTest
12:06:30.396 [main]                 [34mINFO [0;39m o.s.b.t.a.w.s.WebMvcTestContextBootstrapper - Loaded default TestExecutionListener class names from location [META-INF/spring.factories]: [org.springframework.boot.test.mock.mockito.MockitoTestExecutionListener, org.springframework.boot.test.mock.mockito.ResetMocksTestExecutionListener, org.springframework.boot.test.autoconfigure.restdocs.RestDocsTestExecutionListener, org.springframework.boot.test.autoconfigure.web.client.MockRestServiceServerResetTestExecutionListener, org.springframework.boot.test.autoconfigure.web.servlet.MockMvcPrintOnlyOnFailureTestExecutionListener, org.springframework.boot.test.autoconfigure.web.servlet.WebDriverTestExecutionListener, org.springframework.boot.test.autoconfigure.webservices.client.MockWebServiceServerTestExecutionListener, org.springframework.test.context.web.ServletTestExecutionListener, org.springframework.test.context.support.DirtiesContextBeforeModesTestExecutionListener, org.springframework.test.context.event.ApplicationEventsTestExecutionListener, org.springframework.test.context.support.DependencyInjectionTestExecutionListener, org.springframework.test.context.support.DirtiesContextTestExecutionListener, org.springframework.test.context.transaction.TransactionalTestExecutionListener, org.springframework.test.context.jdbc.SqlScriptsTestExecutionListener, org.springframework.test.context.event.EventPublishingTestExecutionListener, org.springframework.security.test.context.support.WithSecurityContextTestExecutionListener, org.springframework.security.test.context.support.ReactorContextTestExecutionListener]
12:06:30.412 [main]                 [34mINFO [0;39m o.s.b.t.a.w.s.WebMvcTestContextBootstrapper - Using TestExecutionListeners: [org.springframework.test.context.web.ServletTestExecutionListener@7a8b7e11, org.springframework.test.context.support.DirtiesContextBeforeModesTestExecutionListener@d229912, org.springframework.test.context.event.ApplicationEventsTestExecutionListener@5a06eeef, org.springframework.boot.test.mock.mockito.MockitoTestExecutionListener@1c0cf193, org.springframework.boot.test.autoconfigure.SpringBootDependencyInjectionTestExecutionListener@3dd66ff5, org.springframework.test.context.support.DirtiesContextTestExecutionListener@24258b54, org.springframework.test.context.transaction.TransactionalTestExecutionListener@493968a9, org.springframework.test.context.jdbc.SqlScriptsTestExecutionListener@32428874, org.springframework.test.context.event.EventPublishingTestExecutionListener@3c65f00e, org.springframework.security.test.context.support.WithSecurityContextTestExecutionListener@3412a3fd, org.springframework.security.test.context.support.ReactorContextTestExecutionListener@36ecf9f6, org.springframework.boot.test.mock.mockito.ResetMocksTestExecutionListener@104bc677, org.springframework.boot.test.autoconfigure.restdocs.RestDocsTestExecutionListener@3bda1f0, org.springframework.boot.test.autoconfigure.web.client.MockRestServiceServerResetTestExecutionListener@2211e731, org.springframework.boot.test.autoconfigure.web.servlet.MockMvcPrintOnlyOnFailureTestExecutionListener@73e399cc, org.springframework.boot.test.autoconfigure.web.servlet.WebDriverTestExecutionListener@3dd591b9, org.springframework.boot.test.autoconfigure.webservices.client.MockWebServiceServerTestExecutionListener@538905d2]
12:06:30.443 [main]                 [34mINFO [0;39m c.e.d.f.c.FilesInfoControllerTest - Starting FilesInfoControllerTest using Java 10.0.2 on My-PC with PID 7916 (started by Макс in D:\Java\Project IDEA\demo2)
12:06:30.443 [main]                 [34mINFO [0;39m c.e.d.f.c.FilesInfoControllerTest - No active profile set, falling back to default profiles: default
12:06:30.692 [main]                 [34mINFO [0;39m o.s.b.t.a.j.TestDatabaseAutoConfiguration$EmbeddedDataSourceBeanFactoryPostProcessor - Replacing 'dataSource' DataSource bean with embedded version
12:06:30.739 [main]                 [34mINFO [0;39m o.s.c.s.PostProcessorRegistrationDelegate$BeanPostProcessorChecker - Bean 'org.springframework.security.access.expression.method.DefaultMethodSecurityExpressionHandler@1ab85862' of type [org.springframework.security.access.expression.method.DefaultMethodSecurityExpressionHandler] is not eligible for getting processed by all BeanPostProcessors (for example: not eligible for auto-proxying)
12:06:30.755 [main]                 [34mINFO [0;39m o.s.c.s.PostProcessorRegistrationDelegate$BeanPostProcessorChecker - Bean 'methodSecurityMetadataSource' of type [org.springframework.security.access.method.DelegatingMethodSecurityMetadataSource] is not eligible for getting processed by all BeanPostProcessors (for example: not eligible for auto-proxying)
12:06:30.817 [main]                 [34mINFO [0;39m o.s.j.d.e.EmbeddedDatabaseFactory - Starting embedded database: url='jdbc:h2:mem:306cbe3c-ecd0-4cf7-a11d-eaab1ac9292a;DB_CLOSE_DELAY=-1;DB_CLOSE_ON_EXIT=false', username='sa'
12:06:30.864 [main]                 [34mINFO [0;39m o.s.s.web.DefaultSecurityFilterChain - Will secure Ant [pattern='/css/**'] with []
12:06:30.864 [main]                 [34mINFO [0;39m o.s.s.web.DefaultSecurityFilterChain - Will secure Ant [pattern='/js/**'] with []
12:06:30.864 [main]                 [34mINFO [0;39m o.s.s.web.DefaultSecurityFilterChain - Will secure Ant [pattern='/fonts/**'] with []
12:06:30.864 [main]                 [34mINFO [0;39m o.s.s.web.DefaultSecurityFilterChain - Will secure Ant [pattern='/images/**'] with []
12:06:30.942 [main]                 [34mINFO [0;39m o.s.s.w.a.c.ChannelProcessingFilter - Validated configuration attributes
12:06:30.958 [main]                 [34mINFO [0;39m o.s.s.web.DefaultSecurityFilterChain - Will secure any request with [org.springframework.security.web.access.channel.ChannelProcessingFilter@6fd97fd1, org.springframework.security.web.context.request.async.WebAsyncManagerIntegrationFilter@7bdb4d69, org.springframework.security.web.context.SecurityContextPersistenceFilter@1f57666b, org.springframework.security.web.header.HeaderWriterFilter@1fd0ae78, org.springframework.security.web.authentication.logout.LogoutFilter@1ed12d10, org.springframework.security.web.authentication.UsernamePasswordAuthenticationFilter@12c78f36, org.springframework.security.web.savedrequest.RequestCacheAwareFilter@7944c323, org.springframework.security.web.servletapi.SecurityContextHolderAwareRequestFilter@637d111d, org.springframework.security.web.authentication.AnonymousAuthenticationFilter@129c760d, org.springframework.security.web.session.SessionManagementFilter@583030bd, org.springframework.security.web.access.ExceptionTranslationFilter@102ecb61, org.springframework.security.web.access.intercept.FilterSecurityInterceptor@72a0a60d]
12:06:31.145 [main]                 [34mINFO [0;39m o.s.b.a.w.s.WelcomePageHandlerMapping - Adding welcome page template: index
12:06:31.301 [main]                 [34mINFO [0;39m o.s.b.t.m.w.SpringBootMockServletContext - Initializing Spring TestDispatcherServlet ''
12:06:31.301 [main]                 [34mINFO [0;39m o.s.t.w.s.TestDispatcherServlet - Initializing Servlet ''
12:06:31.301 [main]                 [34mINFO [0;39m o.s.t.w.s.TestDispatcherServlet - Completed initialization in 0 ms
12:06:31.316 [main]                 [34mINFO [0;39m o.s.b.a.s.s.UserDetailsServiceAutoConfiguration - 

Using generated security password: d9439f59-eeb3-43d8-b4e4-12702c65183e

12:06:31.332 [main]                 [34mINFO [0;39m c.e.d.f.c.FilesInfoControllerTest - Started FilesInfoControllerTest in 0.919 seconds (JVM running for 5.58)
12:06:31.582 [main]                 [34mINFO [0;39m o.s.b.t.a.o.j.DataJpaTestContextBootstrapper - Neither @ContextConfiguration nor @ContextHierarchy found for test class [com.example.demo2.fileInfo.repository.FilesInfoRepositoryTest], using SpringBootContextLoader
12:06:31.582 [main]                 [34mINFO [0;39m o.s.t.c.s.AbstractContextLoader - Could not detect default resource locations for test class [com.example.demo2.fileInfo.repository.FilesInfoRepositoryTest]: no resource found for suffixes {-context.xml, Context.groovy}.
12:06:31.582 [main]                 [34mINFO [0;39m o.s.t.c.s.AnnotationConfigContextLoaderUtils - Could not detect default configuration classes for test class [com.example.demo2.fileInfo.repository.FilesInfoRepositoryTest]: FilesInfoRepositoryTest does not declare any static, non-private, non-final, nested classes annotated with @Configuration.
12:06:31.597 [main]                 [34mINFO [0;39m o.s.b.t.c.SpringBootTestContextBootstrapper - Found @SpringBootConfiguration com.example.demo2.Application for test class com.example.demo2.fileInfo.repository.FilesInfoRepositoryTest
12:06:31.597 [main]                 [34mINFO [0;39m o.s.b.t.a.o.j.DataJpaTestContextBootstrapper - Loaded default TestExecutionListener class names from location [META-INF/spring.factories]: [org.springframework.boot.test.mock.mockito.MockitoTestExecutionListener, org.springframework.boot.test.mock.mockito.ResetMocksTestExecutionListener, org.springframework.boot.test.autoconfigure.restdocs.RestDocsTestExecutionListener, org.springframework.boot.test.autoconfigure.web.client.MockRestServiceServerResetTestExecutionListener, org.springframework.boot.test.autoconfigure.web.servlet.MockMvcPrintOnlyOnFailureTestExecutionListener, org.springframework.boot.test.autoconfigure.web.servlet.WebDriverTestExecutionListener, org.springframework.boot.test.autoconfigure.webservices.client.MockWebServiceServerTestExecutionListener, org.springframework.test.context.web.ServletTestExecutionListener, org.springframework.test.context.support.DirtiesContextBeforeModesTestExecutionListener, org.springframework.test.context.event.ApplicationEventsTestExecutionListener, org.springframework.test.context.support.DependencyInjectionTestExecutionListener, org.springframework.test.context.support.DirtiesContextTestExecutionListener, org.springframework.test.context.transaction.TransactionalTestExecutionListener, org.springframework.test.context.jdbc.SqlScriptsTestExecutionListener, org.springframework.test.context.event.EventPublishingTestExecutionListener, org.springframework.security.test.context.support.WithSecurityContextTestExecutionListener, org.springframework.security.test.context.support.ReactorContextTestExecutionListener]
12:06:31.597 [main]                 [34mINFO [0;39m o.s.b.t.a.o.j.DataJpaTestContextBootstrapper - Using TestExecutionListeners: [org.springframework.test.context.web.ServletTestExecutionListener@571c2ed8, org.springframework.test.context.support.DirtiesContextBeforeModesTestExecutionListener@5810772a, org.springframework.test.context.event.ApplicationEventsTestExecutionListener@4eacb6d1, org.springframework.boot.test.mock.mockito.MockitoTestExecutionListener@3ccefe1b, org.springframework.boot.test.autoconfigure.SpringBootDependencyInjectionTestExecutionListener@a926db4, org.springframework.test.context.support.DirtiesContextTestExecutionListener@51e0f2eb, org.springframework.test.context.transaction.TransactionalTestExecutionListener@7a51dc38, org.springframework.test.context.jdbc.SqlScriptsTestExecutionListener@31a4db4f, org.springframework.test.context.event.EventPublishingTestExecutionListener@2842ef02, org.springframework.security.test.context.support.WithSecurityContextTestExecutionListener@7e63374b, org.springframework.security.test.context.support.ReactorContextTestExecutionListener@aa794a3, org.springframework.boot.test.mock.mockito.ResetMocksTestExecutionListener@1dce481b, org.springframework.boot.test.autoconfigure.restdocs.RestDocsTestExecutionListener@22cb8e5f, org.springframework.boot.test.autoconfigure.web.client.MockRestServiceServerResetTestExecutionListener@45753c22, org.springframework.boot.test.autoconfigure.web.servlet.MockMvcPrintOnlyOnFailureTestExecutionListener@7341baa3, org.springframework.boot.test.autoconfigure.web.servlet.WebDriverTestExecutionListener@1ca0aa40, org.springframework.boot.test.autoconfigure.webservices.client.MockWebServiceServerTestExecutionListener@626766fd]
12:06:31.628 [main]                 [34mINFO [0;39m c.e.d.f.r.FilesInfoRepositoryTest - Starting FilesInfoRepositoryTest using Java 10.0.2 on My-PC with PID 7916 (started by Макс in D:\Java\Project IDEA\demo2)
12:06:31.628 [main]                 [34mINFO [0;39m c.e.d.f.r.FilesInfoRepositoryTest - No active profile set, falling back to default profiles: default
12:06:31.800 [main]                 [34mINFO [0;39m o.s.d.r.c.RepositoryConfigurationDelegate - Bootstrapping Spring Data JPA repositories in DEFAULT mode.
12:06:31.878 [main]                 [34mINFO [0;39m o.s.d.r.c.RepositoryConfigurationDelegate - Finished Spring Data repository scanning in 68 ms. Found 6 JPA repository interfaces.
12:06:31.956 [main]                 [34mINFO [0;39m o.s.b.t.a.j.TestDatabaseAutoConfiguration$EmbeddedDataSourceBeanFactoryPostProcessor - Replacing 'dataSource' DataSource bean with embedded version
12:06:32.050 [main]                 [34mINFO [0;39m o.s.j.d.e.EmbeddedDatabaseFactory - Starting embedded database: url='jdbc:h2:mem:a8c4bbf5-3121-4da3-b795-a13e31d01535;DB_CLOSE_DELAY=-1;DB_CLOSE_ON_EXIT=false', username='sa'
12:06:32.096 [main]                 [34mINFO [0;39m o.f.c.i.license.VersionPrinter - Flyway Community Edition 7.7.3 by Redgate
12:06:32.128 [main]                 [34mINFO [0;39m o.f.c.i.database.base.DatabaseType - Database: jdbc:h2:mem:a8c4bbf5-3121-4da3-b795-a13e31d01535 (H2 1.4)
12:06:32.206 [main]                 [34mINFO [0;39m o.f.core.internal.command.DbValidate - Successfully validated 2 migrations (execution time 00:00.028s)
12:06:32.221 [main]                 [34mINFO [0;39m o.f.c.i.s.JdbcTableSchemaHistory - Creating Schema History table "PUBLIC"."flyway_schema_history" ...
12:06:32.252 [main]                 [34mINFO [0;39m o.f.c.i.s.DefaultSqlScriptExecutor - 0 rows affected
12:06:32.252 [main]                 [34mINFO [0;39m o.f.c.i.s.DefaultSqlScriptExecutor - 0 rows affected
12:06:32.284 [main]                 [34mINFO [0;39m o.f.core.internal.command.DbMigrate - Current version of schema "PUBLIC": << Empty Schema >>
12:06:32.299 [main]                 [34mINFO [0;39m o.f.core.internal.command.DbMigrate - Migrating schema "PUBLIC" to version "1 - init DB"
12:06:32.299 [main]                 [34mINFO [0;39m o.f.c.i.s.DefaultSqlScriptExecutor - 0 rows affected
12:06:32.299 [main]                 [34mINFO [0;39m o.f.c.i.s.DefaultSqlScriptExecutor - 0 rows affected
12:06:32.299 [main]                 [34mINFO [0;39m o.f.c.i.s.DefaultSqlScriptExecutor - 0 rows affected
12:06:32.299 [main]                 [34mINFO [0;39m o.f.c.i.s.DefaultSqlScriptExecutor - 1 rows affected
12:06:32.299 [main]                 [34mINFO [0;39m o.f.c.i.s.DefaultSqlScriptExecutor - 0 rows affected
12:06:32.299 [main]                 [34mINFO [0;39m o.f.c.i.s.DefaultSqlScriptExecutor - 0 rows affected
12:06:32.315 [main]                 [34mINFO [0;39m o.f.c.i.s.DefaultSqlScriptExecutor - 0 rows affected
12:06:32.315 [main]                 [34mINFO [0;39m o.f.c.i.s.DefaultSqlScriptExecutor - 0 rows affected
12:06:32.315 [main]                 [34mINFO [0;39m o.f.c.i.s.DefaultSqlScriptExecutor - 0 rows affected
12:06:32.315 [main]                 [34mINFO [0;39m o.f.c.i.s.DefaultSqlScriptExecutor - 0 rows affected
12:06:32.315 [main]                 [34mINFO [0;39m o.f.c.i.s.DefaultSqlScriptExecutor - 0 rows affected
12:06:32.315 [main]                 [34mINFO [0;39m o.f.c.i.s.DefaultSqlScriptExecutor - 0 rows affected
12:06:32.315 [main]                 [34mINFO [0;39m o.f.c.i.s.DefaultSqlScriptExecutor - 0 rows affected
12:06:32.362 [main]                 [34mINFO [0;39m o.f.core.internal.command.DbMigrate - Migrating schema "PUBLIC" to version "2 - Add admin"
12:06:32.362 [main]                 [34mINFO [0;39m o.f.c.i.s.DefaultSqlScriptExecutor - 1 rows affected
12:06:32.362 [main]                 [34mINFO [0;39m o.f.c.i.s.DefaultSqlScriptExecutor - 1 rows affected
12:06:32.377 [main]                 [34mINFO [0;39m o.f.core.internal.command.DbMigrate - Successfully applied 2 migrations to schema "PUBLIC", now at version v2 (execution time 00:00.109s)
12:06:32.471 [main]                 [34mINFO [0;39m o.h.jpa.internal.util.LogHelper - HHH000204: Processing PersistenceUnitInfo [name: default]
12:06:32.533 [main]                 [34mINFO [0;39m org.hibernate.Version - HHH000412: Hibernate ORM core version 5.4.31.Final
12:06:32.580 [main]                 [34mINFO [0;39m o.h.annotations.common.Version - HCANN000001: Hibernate Commons Annotations {5.1.2.Final}
12:06:32.705 [main]                 [34mINFO [0;39m org.hibernate.dialect.Dialect - HHH000400: Using dialect: org.hibernate.dialect.H2Dialect
12:06:33.313 [main]                 [34mINFO [0;39m o.h.e.t.j.p.i.JtaPlatformInitiator - HHH000490: Using JtaPlatform implementation: [org.hibernate.engine.transaction.jta.platform.internal.NoJtaPlatform]
12:06:33.313 [main]                 [34mINFO [0;39m o.s.o.j.LocalContainerEntityManagerFactoryBean - Initialized JPA EntityManagerFactory for persistence unit 'default'
12:06:33.937 [main]                 [34mINFO [0;39m c.e.d.f.r.FilesInfoRepositoryTest - Started FilesInfoRepositoryTest in 2.335 seconds (JVM running for 8.192)
12:06:33.953 [main]                 [34mINFO [0;39m o.s.t.c.t.TransactionContext - Began transaction (1) for test context [DefaultTestContext@1203c259 testClass = FilesInfoRepositoryTest, testInstance = com.example.demo2.fileInfo.repository.FilesInfoRepositoryTest@3bd552f7, testMethod = deleteByName@FilesInfoRepositoryTest, testException = [null], mergedContextConfiguration = [MergedContextConfiguration@ba4c99c testClass = FilesInfoRepositoryTest, locations = '{}', classes = '{class com.example.demo2.Application}', contextInitializerClasses = '[]', activeProfiles = '{}', propertySourceLocations = '{classpath:myTestApplication.properties}', propertySourceProperties = '{org.springframework.boot.test.autoconfigure.orm.jpa.DataJpaTestContextBootstrapper=true}', contextCustomizers = set[[ImportsContextCustomizer@4158b72f key = [org.springframework.boot.autoconfigure.cache.CacheAutoConfiguration, org.springframework.boot.autoconfigure.data.jpa.JpaRepositoriesAutoConfiguration, org.springframework.boot.autoconfigure.flyway.FlywayAutoConfiguration, org.springframework.boot.autoconfigure.jdbc.DataSourceAutoConfiguration, org.springframework.boot.autoconfigure.jdbc.DataSourceTransactionManagerAutoConfiguration, org.springframework.boot.autoconfigure.jdbc.JdbcTemplateAutoConfiguration, org.springframework.boot.autoconfigure.liquibase.LiquibaseAutoConfiguration, org.springframework.boot.autoconfigure.orm.jpa.HibernateJpaAutoConfiguration, org.springframework.boot.autoconfigure.sql.init.SqlInitializationAutoConfiguration, org.springframework.boot.autoconfigure.transaction.TransactionAutoConfiguration, org.springframework.boot.test.autoconfigure.jdbc.TestDatabaseAutoConfiguration, org.springframework.boot.test.autoconfigure.orm.jpa.TestEntityManagerAutoConfiguration]], org.springframework.boot.test.context.filter.ExcludeFilterContextCustomizer@598bd2ba, org.springframework.boot.test.json.DuplicateJsonObjectContextCustomizerFactory$DuplicateJsonObjectContextCustomizer@4f5991f6, org.springframework.boot.test.mock.mockito.MockitoContextCustomizer@0, org.springframework.boot.test.autoconfigure.OverrideAutoConfigurationContextCustomizerFactory$DisableAutoConfigurationContextCustomizer@8c3619e, org.springframework.boot.test.autoconfigure.actuate.metrics.MetricsExportContextCustomizerFactory$DisableMetricExportContextCustomizer@5bf8fa12, org.springframework.boot.test.autoconfigure.filter.TypeExcludeFiltersContextCustomizer@351584c0, org.springframework.boot.test.autoconfigure.properties.PropertyMappingContextCustomizer@44ad8b84, org.springframework.boot.test.autoconfigure.web.servlet.WebDriverContextCustomizerFactory$Customizer@74bada02, org.springframework.boot.test.context.SpringBootTestArgs@1, org.springframework.boot.test.context.SpringBootTestWebEnvironment@0], contextLoader = 'org.springframework.boot.test.context.SpringBootContextLoader', parent = [null]], attributes = map['org.springframework.test.context.event.ApplicationEventsTestExecutionListener.recordApplicationEvents' -> false]]; transaction manager [org.springframework.orm.jpa.JpaTransactionManager@6cca70e3]; rollback [true]
12:06:34.062 [main]                 [34mINFO [0;39m o.s.t.c.t.TransactionContext - Rolled back transaction for test: [DefaultTestContext@1203c259 testClass = FilesInfoRepositoryTest, testInstance = com.example.demo2.fileInfo.repository.FilesInfoRepositoryTest@3bd552f7, testMethod = deleteByName@FilesInfoRepositoryTest, testException = [null], mergedContextConfiguration = [MergedContextConfiguration@ba4c99c testClass = FilesInfoRepositoryTest, locations = '{}', classes = '{class com.example.demo2.Application}', contextInitializerClasses = '[]', activeProfiles = '{}', propertySourceLocations = '{classpath:myTestApplication.properties}', propertySourceProperties = '{org.springframework.boot.test.autoconfigure.orm.jpa.DataJpaTestContextBootstrapper=true}', contextCustomizers = set[[ImportsContextCustomizer@4158b72f key = [org.springframework.boot.autoconfigure.cache.CacheAutoConfiguration, org.springframework.boot.autoconfigure.data.jpa.JpaRepositoriesAutoConfiguration, org.springframework.boot.autoconfigure.flyway.FlywayAutoConfiguration, org.springframework.boot.autoconfigure.jdbc.DataSourceAutoConfiguration, org.springframework.boot.autoconfigure.jdbc.DataSourceTransactionManagerAutoConfiguration, org.springframework.boot.autoconfigure.jdbc.JdbcTemplateAutoConfiguration, org.springframework.boot.autoconfigure.liquibase.LiquibaseAutoConfiguration, org.springframework.boot.autoconfigure.orm.jpa.HibernateJpaAutoConfiguration, org.springframework.boot.autoconfigure.sql.init.SqlInitializationAutoConfiguration, org.springframework.boot.autoconfigure.transaction.TransactionAutoConfiguration, org.springframework.boot.test.autoconfigure.jdbc.TestDatabaseAutoConfiguration, org.springframework.boot.test.autoconfigure.orm.jpa.TestEntityManagerAutoConfiguration]], org.springframework.boot.test.context.filter.ExcludeFilterContextCustomizer@598bd2ba, org.springframework.boot.test.json.DuplicateJsonObjectContextCustomizerFactory$DuplicateJsonObjectContextCustomizer@4f5991f6, org.springframework.boot.test.mock.mockito.MockitoContextCustomizer@0, org.springframework.boot.test.autoconfigure.OverrideAutoConfigurationContextCustomizerFactory$DisableAutoConfigurationContextCustomizer@8c3619e, org.springframework.boot.test.autoconfigure.actuate.metrics.MetricsExportContextCustomizerFactory$DisableMetricExportContextCustomizer@5bf8fa12, org.springframework.boot.test.autoconfigure.filter.TypeExcludeFiltersContextCustomizer@351584c0, org.springframework.boot.test.autoconfigure.properties.PropertyMappingContextCustomizer@44ad8b84, org.springframework.boot.test.autoconfigure.web.servlet.WebDriverContextCustomizerFactory$Customizer@74bada02, org.springframework.boot.test.context.SpringBootTestArgs@1, org.springframework.boot.test.context.SpringBootTestWebEnvironment@0], contextLoader = 'org.springframework.boot.test.context.SpringBootContextLoader', parent = [null]], attributes = map['org.springframework.test.context.event.ApplicationEventsTestExecutionListener.recordApplicationEvents' -> false]]
12:06:34.124 [main]                 [34mINFO [0;39m o.s.b.t.c.SpringBootTestContextBootstrapper - Neither @ContextConfiguration nor @ContextHierarchy found for test class [com.example.demo2.SpringCrudApplicationTests], using SpringBootContextLoader
12:06:34.140 [main]                 [34mINFO [0;39m o.s.t.c.s.AbstractContextLoader - Could not detect default resource locations for test class [com.example.demo2.SpringCrudApplicationTests]: no resource found for suffixes {-context.xml, Context.groovy}.
12:06:34.140 [main]                 [34mINFO [0;39m o.s.t.c.s.AnnotationConfigContextLoaderUtils - Could not detect default configuration classes for test class [com.example.demo2.SpringCrudApplicationTests]: SpringCrudApplicationTests does not declare any static, non-private, non-final, nested classes annotated with @Configuration.
12:06:34.140 [main]                 [34mINFO [0;39m o.s.b.t.c.SpringBootTestContextBootstrapper - Found @SpringBootConfiguration com.example.demo2.Application for test class com.example.demo2.SpringCrudApplicationTests
12:06:34.140 [main]                 [34mINFO [0;39m o.s.b.t.c.SpringBootTestContextBootstrapper - Loaded default TestExecutionListener class names from location [META-INF/spring.factories]: [org.springframework.boot.test.mock.mockito.MockitoTestExecutionListener, org.springframework.boot.test.mock.mockito.ResetMocksTestExecutionListener, org.springframework.boot.test.autoconfigure.restdocs.RestDocsTestExecutionListener, org.springframework.boot.test.autoconfigure.web.client.MockRestServiceServerResetTestExecutionListener, org.springframework.boot.test.autoconfigure.web.servlet.MockMvcPrintOnlyOnFailureTestExecutionListener, org.springframework.boot.test.autoconfigure.web.servlet.WebDriverTestExecutionListener, org.springframework.boot.test.autoconfigure.webservices.client.MockWebServiceServerTestExecutionListener, org.springframework.test.context.web.ServletTestExecutionListener, org.springframework.test.context.support.DirtiesContextBeforeModesTestExecutionListener, org.springframework.test.context.event.ApplicationEventsTestExecutionListener, org.springframework.test.context.support.DependencyInjectionTestExecutionListener, org.springframework.test.context.support.DirtiesContextTestExecutionListener, org.springframework.test.context.transaction.TransactionalTestExecutionListener, org.springframework.test.context.jdbc.SqlScriptsTestExecutionListener, org.springframework.test.context.event.EventPublishingTestExecutionListener, org.springframework.security.test.context.support.WithSecurityContextTestExecutionListener, org.springframework.security.test.context.support.ReactorContextTestExecutionListener]
12:06:34.140 [main]                 [34mINFO [0;39m o.s.b.t.c.SpringBootTestContextBootstrapper - Using TestExecutionListeners: [org.springframework.test.context.web.ServletTestExecutionListener@30a1b9b0, org.springframework.test.context.support.DirtiesContextBeforeModesTestExecutionListener@16908f89, org.springframework.test.context.event.ApplicationEventsTestExecutionListener@5ca8157c, org.springframework.boot.test.mock.mockito.MockitoTestExecutionListener@33cee31a, org.springframework.boot.test.autoconfigure.SpringBootDependencyInjectionTestExecutionListener@e9fa0ea, org.springframework.test.context.support.DirtiesContextTestExecutionListener@1c619a77, org.springframework.test.context.transaction.TransactionalTestExecutionListener@7e7f72, org.springframework.test.context.jdbc.SqlScriptsTestExecutionListener@446c8a54, org.springframework.test.context.event.EventPublishingTestExecutionListener@3787eac3, org.springframework.security.test.context.support.WithSecurityContextTestExecutionListener@27a57c66, org.springframework.security.test.context.support.ReactorContextTestExecutionListener@5453020f, org.springframework.boot.test.mock.mockito.ResetMocksTestExecutionListener@744d0cfb, org.springframework.boot.test.autoconfigure.restdocs.RestDocsTestExecutionListener@7c943143, org.springframework.boot.test.autoconfigure.web.client.MockRestServiceServerResetTestExecutionListener@705e24fb, org.springframework.boot.test.autoconfigure.web.servlet.MockMvcPrintOnlyOnFailureTestExecutionListener@3c511385, org.springframework.boot.test.autoconfigure.web.servlet.WebDriverTestExecutionListener@20e7ea20, org.springframework.boot.test.autoconfigure.webservices.client.MockWebServiceServerTestExecutionListener@7da4c956]
12:06:34.171 [main]                 [34mINFO [0;39m c.e.demo2.SpringCrudApplicationTests - Starting SpringCrudApplicationTests using Java 10.0.2 on My-PC with PID 7916 (started by Макс in D:\Java\Project IDEA\demo2)
12:06:34.171 [main]                 [34mINFO [0;39m c.e.demo2.SpringCrudApplicationTests - No active profile set, falling back to default profiles: default
12:06:34.452 [main]                 [34mINFO [0;39m o.s.d.r.c.RepositoryConfigurationDelegate - Bootstrapping Spring Data JPA repositories in DEFAULT mode.
12:06:34.483 [main]                 [34mINFO [0;39m o.s.d.r.c.RepositoryConfigurationDelegate - Finished Spring Data repository scanning in 24 ms. Found 6 JPA repository interfaces.
12:06:34.592 [main]                 [34mINFO [0;39m o.s.c.s.PostProcessorRegistrationDelegate$BeanPostProcessorChecker - Bean 'org.springframework.security.access.expression.method.DefaultMethodSecurityExpressionHandler@7d1f906b' of type [org.springframework.security.access.expression.method.DefaultMethodSecurityExpressionHandler] is not eligible for getting processed by all BeanPostProcessors (for example: not eligible for auto-proxying)
12:06:34.592 [main]                 [34mINFO [0;39m o.s.c.s.PostProcessorRegistrationDelegate$BeanPostProcessorChecker - Bean 'methodSecurityMetadataSource' of type [org.springframework.security.access.method.DelegatingMethodSecurityMetadataSource] is not eligible for getting processed by all BeanPostProcessors (for example: not eligible for auto-proxying)
12:06:34.655 [main]                 [34mINFO [0;39m o.f.c.i.license.VersionPrinter - Flyway Community Edition 7.7.3 by Redgate
12:06:34.655 [main]                 [34mINFO [0;39m com.zaxxer.hikari.HikariDataSource - HikariPool-1 - Starting...
12:06:34.951 [main]                 [34mINFO [0;39m com.zaxxer.hikari.HikariDataSource - HikariPool-1 - Start completed.
12:06:34.982 [main]                 [34mINFO [0;39m o.f.c.i.database.base.DatabaseType - Database: jdbc:mysql://localhost:3306/forflyway (MySQL 8.0)
12:06:34.998 [main]                 [34mINFO [0;39m o.f.core.internal.command.DbValidate - Successfully validated 2 migrations (execution time 00:00.006s)
12:06:35.014 [main]                 [34mINFO [0;39m o.f.core.internal.command.DbMigrate - Current version of schema `forflyway`: 2
12:06:35.014 [main]                 [34mINFO [0;39m o.f.core.internal.command.DbMigrate - Schema `forflyway` is up to date. No migration necessary.
12:06:35.060 [main]                 [34mINFO [0;39m o.h.jpa.internal.util.LogHelper - HHH000204: Processing PersistenceUnitInfo [name: default]
12:06:35.060 [main]                 [34mINFO [0;39m org.hibernate.dialect.Dialect - HHH000400: Using dialect: org.hibernate.dialect.MySQL5Dialect
12:06:35.232 [main]                 [34mINFO [0;39m o.h.e.t.j.p.i.JtaPlatformInitiator - HHH000490: Using JtaPlatform implementation: [org.hibernate.engine.transaction.jta.platform.internal.NoJtaPlatform]
12:06:35.232 [main]                 [34mINFO [0;39m o.s.o.j.LocalContainerEntityManagerFactoryBean - Initialized JPA EntityManagerFactory for persistence unit 'default'
12:06:35.263 [main]                 [31mWARN [0;39m o.s.b.a.o.j.JpaBaseConfiguration$JpaWebConfiguration - spring.jpa.open-in-view is enabled by default. Therefore, database queries may be performed during view rendering. Explicitly configure spring.jpa.open-in-view to disable this warning
12:06:35.513 [main]                 [34mINFO [0;39m o.s.s.web.DefaultSecurityFilterChain - Will secure Ant [pattern='/css/**'] with []
12:06:35.513 [main]                 [34mINFO [0;39m o.s.s.web.DefaultSecurityFilterChain - Will secure Ant [pattern='/js/**'] with []
12:06:35.513 [main]                 [34mINFO [0;39m o.s.s.web.DefaultSecurityFilterChain - Will secure Ant [pattern='/fonts/**'] with []
12:06:35.513 [main]                 [34mINFO [0;39m o.s.s.web.DefaultSecurityFilterChain - Will secure Ant [pattern='/images/**'] with []
12:06:35.575 [main]                 [34mINFO [0;39m o.s.s.w.a.c.ChannelProcessingFilter - Validated configuration attributes
12:06:35.575 [main]                 [34mINFO [0;39m o.s.s.web.DefaultSecurityFilterChain - Will secure any request with [org.springframework.security.web.access.channel.ChannelProcessingFilter@73760b13, org.springframework.security.web.context.request.async.WebAsyncManagerIntegrationFilter@1a6aecec, org.springframework.security.web.context.SecurityContextPersistenceFilter@139f1db4, org.springframework.security.web.header.HeaderWriterFilter@7df5358, org.springframework.security.web.authentication.logout.LogoutFilter@62ccbd95, org.springframework.security.web.authentication.UsernamePasswordAuthenticationFilter@6b5df313, org.springframework.security.web.savedrequest.RequestCacheAwareFilter@2e90a3de, org.springframework.security.web.servletapi.SecurityContextHolderAwareRequestFilter@532860c7, org.springframework.security.web.authentication.AnonymousAuthenticationFilter@51989b17, org.springframework.security.web.session.SessionManagementFilter@49d26eba, org.springframework.security.web.access.ExceptionTranslationFilter@806a687, org.springframework.security.web.access.intercept.FilterSecurityInterceptor@1ac65143]
12:06:35.856 [main]                 [34mINFO [0;39m o.s.b.a.w.s.WelcomePageHandlerMapping - Adding welcome page template: index
12:06:36.090 [main]                 [34mINFO [0;39m o.s.b.a.s.s.UserDetailsServiceAutoConfiguration - 

Using generated security password: ae912a3f-0d23-4ff8-a0b6-9ca6c68b63ae

12:06:36.106 [main]                 [34mINFO [0;39m c.e.demo2.SpringCrudApplicationTests - Started SpringCrudApplicationTests in 1.958 seconds (JVM running for 10.358)
12:06:36.106 [main]                 [34mINFO [0;39m o.s.b.a.ApplicationAvailabilityBean - Application availability state LivenessState changed to CORRECT
12:06:36.106 [main]                 [34mINFO [0;39m o.s.b.a.ApplicationAvailabilityBean - Application availability state ReadinessState changed to ACCEPTING_TRAFFIC
12:06:36.121 [main]                 [34mINFO [0;39m o.s.b.t.a.w.s.WebMvcTestContextBootstrapper - Neither @ContextConfiguration nor @ContextHierarchy found for test class [com.example.demo2.users.controller.UserControllerTest], using SpringBootContextLoader
12:06:36.121 [main]                 [34mINFO [0;39m o.s.t.c.s.AbstractContextLoader - Could not detect default resource locations for test class [com.example.demo2.users.controller.UserControllerTest]: no resource found for suffixes {-context.xml, Context.groovy}.
12:06:36.121 [main]                 [34mINFO [0;39m o.s.t.c.s.AnnotationConfigContextLoaderUtils - Could not detect default configuration classes for test class [com.example.demo2.users.controller.UserControllerTest]: UserControllerTest does not declare any static, non-private, non-final, nested classes annotated with @Configuration.
12:06:36.121 [main]                 [34mINFO [0;39m o.s.b.t.c.SpringBootTestContextBootstrapper - Found @SpringBootConfiguration com.example.demo2.Application for test class com.example.demo2.users.controller.UserControllerTest
12:06:36.121 [main]                 [34mINFO [0;39m o.s.b.t.a.w.s.WebMvcTestContextBootstrapper - Loaded default TestExecutionListener class names from location [META-INF/spring.factories]: [org.springframework.boot.test.mock.mockito.MockitoTestExecutionListener, org.springframework.boot.test.mock.mockito.ResetMocksTestExecutionListener, org.springframework.boot.test.autoconfigure.restdocs.RestDocsTestExecutionListener, org.springframework.boot.test.autoconfigure.web.client.MockRestServiceServerResetTestExecutionListener, org.springframework.boot.test.autoconfigure.web.servlet.MockMvcPrintOnlyOnFailureTestExecutionListener, org.springframework.boot.test.autoconfigure.web.servlet.WebDriverTestExecutionListener, org.springframework.boot.test.autoconfigure.webservices.client.MockWebServiceServerTestExecutionListener, org.springframework.test.context.web.ServletTestExecutionListener, org.springframework.test.context.support.DirtiesContextBeforeModesTestExecutionListener, org.springframework.test.context.event.ApplicationEventsTestExecutionListener, org.springframework.test.context.support.DependencyInjectionTestExecutionListener, org.springframework.test.context.support.DirtiesContextTestExecutionListener, org.springframework.test.context.transaction.TransactionalTestExecutionListener, org.springframework.test.context.jdbc.SqlScriptsTestExecutionListener, org.springframework.test.context.event.EventPublishingTestExecutionListener, org.springframework.security.test.context.support.WithSecurityContextTestExecutionListener, org.springframework.security.test.context.support.ReactorContextTestExecutionListener]
12:06:36.121 [main]                 [34mINFO [0;39m o.s.b.t.a.w.s.WebMvcTestContextBootstrapper - Using TestExecutionListeners: [org.springframework.test.context.web.ServletTestExecutionListener@77cac3b, org.springframework.test.context.support.DirtiesContextBeforeModesTestExecutionListener@3167c0d, org.springframework.test.context.event.ApplicationEventsTestExecutionListener@74f23ecc, org.springframework.boot.test.mock.mockito.MockitoTestExecutionListener@7ec416a0, org.springframework.boot.test.autoconfigure.SpringBootDependencyInjectionTestExecutionListener@1cbb6037, org.springframework.test.context.support.DirtiesContextTestExecutionListener@2cfd91b9, org.springframework.test.context.transaction.TransactionalTestExecutionListener@491cceb4, org.springframework.test.context.jdbc.SqlScriptsTestExecutionListener@17b3b021, org.springframework.test.context.event.EventPublishingTestExecutionListener@504ed038, org.springframework.security.test.context.support.WithSecurityContextTestExecutionListener@10fef3d1, org.springframework.security.test.context.support.ReactorContextTestExecutionListener@3fb8e614, org.springframework.boot.test.mock.mockito.ResetMocksTestExecutionListener@35007b7a, org.springframework.boot.test.autoconfigure.restdocs.RestDocsTestExecutionListener@13e9a2f2, org.springframework.boot.test.autoconfigure.web.client.MockRestServiceServerResetTestExecutionListener@74eebb25, org.springframework.boot.test.autoconfigure.web.servlet.MockMvcPrintOnlyOnFailureTestExecutionListener@c1e7bea, org.springframework.boot.test.autoconfigure.web.servlet.WebDriverTestExecutionListener@3af30ab8, org.springframework.boot.test.autoconfigure.webservices.client.MockWebServiceServerTestExecutionListener@6453c126]
12:06:36.152 [main]                 [34mINFO [0;39m c.e.d.u.c.UserControllerTest - Starting UserControllerTest using Java 10.0.2 on My-PC with PID 7916 (started by Макс in D:\Java\Project IDEA\demo2)
12:06:36.152 [main]                 [34mINFO [0;39m c.e.d.u.c.UserControllerTest - No active profile set, falling back to default profiles: default
12:06:36.324 [main]                 [34mINFO [0;39m o.s.b.t.a.j.TestDatabaseAutoConfiguration$EmbeddedDataSourceBeanFactoryPostProcessor - Replacing 'dataSource' DataSource bean with embedded version
12:06:36.355 [main]                 [34mINFO [0;39m o.s.c.s.PostProcessorRegistrationDelegate$BeanPostProcessorChecker - Bean 'org.springframework.security.access.expression.method.DefaultMethodSecurityExpressionHandler@6e3f38c1' of type [org.springframework.security.access.expression.method.DefaultMethodSecurityExpressionHandler] is not eligible for getting processed by all BeanPostProcessors (for example: not eligible for auto-proxying)
12:06:36.355 [main]                 [34mINFO [0;39m o.s.c.s.PostProcessorRegistrationDelegate$BeanPostProcessorChecker - Bean 'methodSecurityMetadataSource' of type [org.springframework.security.access.method.DelegatingMethodSecurityMetadataSource] is not eligible for getting processed by all BeanPostProcessors (for example: not eligible for auto-proxying)
12:06:36.418 [main]                 [34mINFO [0;39m o.s.j.d.e.EmbeddedDatabaseFactory - Starting embedded database: url='jdbc:h2:mem:6c113e1c-c4ab-4c2c-863f-4b965838f2da;DB_CLOSE_DELAY=-1;DB_CLOSE_ON_EXIT=false', username='sa'
12:06:36.449 [main]                 [34mINFO [0;39m o.s.s.web.DefaultSecurityFilterChain - Will secure Ant [pattern='/css/**'] with []
12:06:36.449 [main]                 [34mINFO [0;39m o.s.s.web.DefaultSecurityFilterChain - Will secure Ant [pattern='/js/**'] with []
12:06:36.449 [main]                 [34mINFO [0;39m o.s.s.web.DefaultSecurityFilterChain - Will secure Ant [pattern='/fonts/**'] with []
12:06:36.449 [main]                 [34mINFO [0;39m o.s.s.web.DefaultSecurityFilterChain - Will secure Ant [pattern='/images/**'] with []
12:06:36.496 [main]                 [34mINFO [0;39m o.s.s.w.a.c.ChannelProcessingFilter - Validated configuration attributes
12:06:36.511 [main]                 [34mINFO [0;39m o.s.s.web.DefaultSecurityFilterChain - Will secure any request with [org.springframework.security.web.access.channel.ChannelProcessingFilter@b96101b, org.springframework.security.web.context.request.async.WebAsyncManagerIntegrationFilter@7953699e, org.springframework.security.web.context.SecurityContextPersistenceFilter@4b56971a, org.springframework.security.web.header.HeaderWriterFilter@ac51234, org.springframework.security.web.authentication.logout.LogoutFilter@6068e9d9, org.springframework.security.web.authentication.UsernamePasswordAuthenticationFilter@6760a91d, org.springframework.security.web.savedrequest.RequestCacheAwareFilter@1263422a, org.springframework.security.web.servletapi.SecurityContextHolderAwareRequestFilter@3095a6e0, org.springframework.security.web.authentication.AnonymousAuthenticationFilter@7de922ba, org.springframework.security.web.session.SessionManagementFilter@1886e8b9, org.springframework.security.web.access.ExceptionTranslationFilter@66be0ea, org.springframework.security.web.access.intercept.FilterSecurityInterceptor@6d1101eb]
12:06:36.667 [main]                 [34mINFO [0;39m o.s.b.a.w.s.WelcomePageHandlerMapping - Adding welcome page template: index
12:06:36.776 [main]                 [34mINFO [0;39m o.s.b.t.m.w.SpringBootMockServletContext - Initializing Spring TestDispatcherServlet ''
12:06:36.776 [main]                 [34mINFO [0;39m o.s.t.w.s.TestDispatcherServlet - Initializing Servlet ''
12:06:36.776 [main]                 [34mINFO [0;39m o.s.t.w.s.TestDispatcherServlet - Completed initialization in 0 ms
12:06:36.792 [main]                 [34mINFO [0;39m o.s.b.a.s.s.UserDetailsServiceAutoConfiguration - 

Using generated security password: 0a8a6d8b-1351-46ed-b38d-52c95bb24f33

12:06:36.808 [main]                 [34mINFO [0;39m c.e.d.u.c.UserControllerTest - Started UserControllerTest in 0.677 seconds (JVM running for 11.057)
12:06:36.995 [main]                 [34mINFO [0;39m o.s.b.t.a.o.j.DataJpaTestContextBootstrapper - Neither @ContextConfiguration nor @ContextHierarchy found for test class [com.example.demo2.users.repository.UsersRepositoryTest], using SpringBootContextLoader
12:06:36.995 [main]                 [34mINFO [0;39m o.s.t.c.s.AbstractContextLoader - Could not detect default resource locations for test class [com.example.demo2.users.repository.UsersRepositoryTest]: no resource found for suffixes {-context.xml, Context.groovy}.
12:06:36.995 [main]                 [34mINFO [0;39m o.s.t.c.s.AnnotationConfigContextLoaderUtils - Could not detect default configuration classes for test class [com.example.demo2.users.repository.UsersRepositoryTest]: UsersRepositoryTest does not declare any static, non-private, non-final, nested classes annotated with @Configuration.
12:06:36.995 [main]                 [34mINFO [0;39m o.s.b.t.c.SpringBootTestContextBootstrapper - Found @SpringBootConfiguration com.example.demo2.Application for test class com.example.demo2.users.repository.UsersRepositoryTest
12:06:36.995 [main]                 [34mINFO [0;39m o.s.b.t.a.o.j.DataJpaTestContextBootstrapper - Loaded default TestExecutionListener class names from location [META-INF/spring.factories]: [org.springframework.boot.test.mock.mockito.MockitoTestExecutionListener, org.springframework.boot.test.mock.mockito.ResetMocksTestExecutionListener, org.springframework.boot.test.autoconfigure.restdocs.RestDocsTestExecutionListener, org.springframework.boot.test.autoconfigure.web.client.MockRestServiceServerResetTestExecutionListener, org.springframework.boot.test.autoconfigure.web.servlet.MockMvcPrintOnlyOnFailureTestExecutionListener, org.springframework.boot.test.autoconfigure.web.servlet.WebDriverTestExecutionListener, org.springframework.boot.test.autoconfigure.webservices.client.MockWebServiceServerTestExecutionListener, org.springframework.test.context.web.ServletTestExecutionListener, org.springframework.test.context.support.DirtiesContextBeforeModesTestExecutionListener, org.springframework.test.context.event.ApplicationEventsTestExecutionListener, org.springframework.test.context.support.DependencyInjectionTestExecutionListener, org.springframework.test.context.support.DirtiesContextTestExecutionListener, org.springframework.test.context.transaction.TransactionalTestExecutionListener, org.springframework.test.context.jdbc.SqlScriptsTestExecutionListener, org.springframework.test.context.event.EventPublishingTestExecutionListener, org.springframework.security.test.context.support.WithSecurityContextTestExecutionListener, org.springframework.security.test.context.support.ReactorContextTestExecutionListener]
12:06:36.995 [main]                 [34mINFO [0;39m o.s.b.t.a.o.j.DataJpaTestContextBootstrapper - Using TestExecutionListeners: [org.springframework.test.context.web.ServletTestExecutionListener@6e9e4332, org.springframework.test.context.support.DirtiesContextBeforeModesTestExecutionListener@4c32d208, org.springframework.test.context.event.ApplicationEventsTestExecutionListener@61df07d0, org.springframework.boot.test.mock.mockito.MockitoTestExecutionListener@735c0454, org.springframework.boot.test.autoconfigure.SpringBootDependencyInjectionTestExecutionListener@6f475ede, org.springframework.test.context.support.DirtiesContextTestExecutionListener@353f73ac, org.springframework.test.context.transaction.TransactionalTestExecutionListener@2c47135c, org.springframework.test.context.jdbc.SqlScriptsTestExecutionListener@3faadc24, org.springframework.test.context.event.EventPublishingTestExecutionListener@6acec4a1, org.springframework.security.test.context.support.WithSecurityContextTestExecutionListener@24a26847, org.springframework.security.test.context.support.ReactorContextTestExecutionListener@30eb427c, org.springframework.boot.test.mock.mockito.ResetMocksTestExecutionListener@59c9e3b9, org.springframework.boot.test.autoconfigure.restdocs.RestDocsTestExecutionListener@45bedfed, org.springframework.boot.test.autoconfigure.web.client.MockRestServiceServerResetTestExecutionListener@7269674d, org.springframework.boot.test.autoconfigure.web.servlet.MockMvcPrintOnlyOnFailureTestExecutionListener@187b33de, org.springframework.boot.test.autoconfigure.web.servlet.WebDriverTestExecutionListener@e39df43, org.springframework.boot.test.autoconfigure.webservices.client.MockWebServiceServerTestExecutionListener@3dcb28de]
12:06:37.010 [main]                 [34mINFO [0;39m o.s.t.c.t.TransactionContext - Began transaction (1) for test context [DefaultTestContext@5064988 testClass = UsersRepositoryTest, testInstance = com.example.demo2.users.repository.UsersRepositoryTest@616f1c2e, testMethod = findByLogin@UsersRepositoryTest, testException = [null], mergedContextConfiguration = [MergedContextConfiguration@6e58f36d testClass = UsersRepositoryTest, locations = '{}', classes = '{class com.example.demo2.Application}', contextInitializerClasses = '[]', activeProfiles = '{}', propertySourceLocations = '{classpath:myTestApplication.properties}', propertySourceProperties = '{org.springframework.boot.test.autoconfigure.orm.jpa.DataJpaTestContextBootstrapper=true}', contextCustomizers = set[[ImportsContextCustomizer@11f633f key = [org.springframework.boot.autoconfigure.cache.CacheAutoConfiguration, org.springframework.boot.autoconfigure.data.jpa.JpaRepositoriesAutoConfiguration, org.springframework.boot.autoconfigure.flyway.FlywayAutoConfiguration, org.springframework.boot.autoconfigure.jdbc.DataSourceAutoConfiguration, org.springframework.boot.autoconfigure.jdbc.DataSourceTransactionManagerAutoConfiguration, org.springframework.boot.autoconfigure.jdbc.JdbcTemplateAutoConfiguration, org.springframework.boot.autoconfigure.liquibase.LiquibaseAutoConfiguration, org.springframework.boot.autoconfigure.orm.jpa.HibernateJpaAutoConfiguration, org.springframework.boot.autoconfigure.sql.init.SqlInitializationAutoConfiguration, org.springframework.boot.autoconfigure.transaction.TransactionAutoConfiguration, org.springframework.boot.test.autoconfigure.jdbc.TestDatabaseAutoConfiguration, org.springframework.boot.test.autoconfigure.orm.jpa.TestEntityManagerAutoConfiguration]], org.springframework.boot.test.context.filter.ExcludeFilterContextCustomizer@598bd2ba, org.springframework.boot.test.json.DuplicateJsonObjectContextCustomizerFactory$DuplicateJsonObjectContextCustomizer@4f5991f6, org.springframework.boot.test.mock.mockito.MockitoContextCustomizer@0, org.springframework.boot.test.autoconfigure.OverrideAutoConfigurationContextCustomizerFactory$DisableAutoConfigurationContextCustomizer@8c3619e, org.springframework.boot.test.autoconfigure.actuate.metrics.MetricsExportContextCustomizerFactory$DisableMetricExportContextCustomizer@5bf8fa12, org.springframework.boot.test.autoconfigure.filter.TypeExcludeFiltersContextCustomizer@351584c0, org.springframework.boot.test.autoconfigure.properties.PropertyMappingContextCustomizer@44ad8b84, org.springframework.boot.test.autoconfigure.web.servlet.WebDriverContextCustomizerFactory$Customizer@74bada02, org.springframework.boot.test.context.SpringBootTestArgs@1, org.springframework.boot.test.context.SpringBootTestWebEnvironment@0], contextLoader = 'org.springframework.boot.test.context.SpringBootContextLoader', parent = [null]], attributes = map['org.springframework.test.context.event.ApplicationEventsTestExecutionListener.recordApplicationEvents' -> false]]; transaction manager [org.springframework.orm.jpa.JpaTransactionManager@6cca70e3]; rollback [true]
12:06:37.026 [main]                 [34mINFO [0;39m o.s.t.c.t.TransactionContext - Rolled back transaction for test: [DefaultTestContext@5064988 testClass = UsersRepositoryTest, testInstance = com.example.demo2.users.repository.UsersRepositoryTest@616f1c2e, testMethod = findByLogin@UsersRepositoryTest, testException = [null], mergedContextConfiguration = [MergedContextConfiguration@6e58f36d testClass = UsersRepositoryTest, locations = '{}', classes = '{class com.example.demo2.Application}', contextInitializerClasses = '[]', activeProfiles = '{}', propertySourceLocations = '{classpath:myTestApplication.properties}', propertySourceProperties = '{org.springframework.boot.test.autoconfigure.orm.jpa.DataJpaTestContextBootstrapper=true}', contextCustomizers = set[[ImportsContextCustomizer@11f633f key = [org.springframework.boot.autoconfigure.cache.CacheAutoConfiguration, org.springframework.boot.autoconfigure.data.jpa.JpaRepositoriesAutoConfiguration, org.springframework.boot.autoconfigure.flyway.FlywayAutoConfiguration, org.springframework.boot.autoconfigure.jdbc.DataSourceAutoConfiguration, org.springframework.boot.autoconfigure.jdbc.DataSourceTransactionManagerAutoConfiguration, org.springframework.boot.autoconfigure.jdbc.JdbcTemplateAutoConfiguration, org.springframework.boot.autoconfigure.liquibase.LiquibaseAutoConfiguration, org.springframework.boot.autoconfigure.orm.jpa.HibernateJpaAutoConfiguration, org.springframework.boot.autoconfigure.sql.init.SqlInitializationAutoConfiguration, org.springframework.boot.autoconfigure.transaction.TransactionAutoConfiguration, org.springframework.boot.test.autoconfigure.jdbc.TestDatabaseAutoConfiguration, org.springframework.boot.test.autoconfigure.orm.jpa.TestEntityManagerAutoConfiguration]], org.springframework.boot.test.context.filter.ExcludeFilterContextCustomizer@598bd2ba, org.springframework.boot.test.json.DuplicateJsonObjectContextCustomizerFactory$DuplicateJsonObjectContextCustomizer@4f5991f6, org.springframework.boot.test.mock.mockito.MockitoContextCustomizer@0, org.springframework.boot.test.autoconfigure.OverrideAutoConfigurationContextCustomizerFactory$DisableAutoConfigurationContextCustomizer@8c3619e, org.springframework.boot.test.autoconfigure.actuate.metrics.MetricsExportContextCustomizerFactory$DisableMetricExportContextCustomizer@5bf8fa12, org.springframework.boot.test.autoconfigure.filter.TypeExcludeFiltersContextCustomizer@351584c0, org.springframework.boot.test.autoconfigure.properties.PropertyMappingContextCustomizer@44ad8b84, org.springframework.boot.test.autoconfigure.web.servlet.WebDriverContextCustomizerFactory$Customizer@74bada02, org.springframework.boot.test.context.SpringBootTestArgs@1, org.springframework.boot.test.context.SpringBootTestWebEnvironment@0], contextLoader = 'org.springframework.boot.test.context.SpringBootContextLoader', parent = [null]], attributes = map['org.springframework.test.context.event.ApplicationEventsTestExecutionListener.recordApplicationEvents' -> false]]
