12:47:06.269 [background-preinit]   [34mINFO [0;39m o.h.validator.internal.util.Version - HV000001: Hibernate Validator 6.2.0.Final
12:47:06.294 [main]                 [34mINFO [0;39m com.example.demo2.Application - Starting Application using Java 10.0.2 on My-PC with PID 5000 (D:\Java\Project IDEA\demo2\target\classes started by Макс in D:\Java\Project IDEA\demo2)
12:47:06.333 [main]                 [34mINFO [0;39m com.example.demo2.Application - No active profile set, falling back to default profiles: default
12:47:06.822 [background-preinit]   [31mWARN [0;39m o.s.h.c.j.Jackson2ObjectMapperBuilder - For Jackson Kotlin classes support please add "com.fasterxml.jackson.module:jackson-module-kotlin" to the classpath
12:47:07.565 [main]                 [34mINFO [0;39m o.s.d.r.c.RepositoryConfigurationDelegate - Bootstrapping Spring Data JPA repositories in DEFAULT mode.
12:47:07.646 [main]                 [34mINFO [0;39m o.s.d.r.c.RepositoryConfigurationDelegate - Finished Spring Data repository scanning in 72 ms. Found 6 JPA repository interfaces.
12:47:08.040 [main]                 [34mINFO [0;39m o.s.c.s.PostProcessorRegistrationDelegate$BeanPostProcessorChecker - Bean 'org.springframework.security.access.expression.method.DefaultMethodSecurityExpressionHandler@7b27e8f4' of type [org.springframework.security.access.expression.method.DefaultMethodSecurityExpressionHandler] is not eligible for getting processed by all BeanPostProcessors (for example: not eligible for auto-proxying)
12:47:08.044 [main]                 [34mINFO [0;39m o.s.c.s.PostProcessorRegistrationDelegate$BeanPostProcessorChecker - Bean 'methodSecurityMetadataSource' of type [org.springframework.security.access.method.DelegatingMethodSecurityMetadataSource] is not eligible for getting processed by all BeanPostProcessors (for example: not eligible for auto-proxying)
12:47:08.484 [main]                 [34mINFO [0;39m o.s.b.w.e.tomcat.TomcatWebServer - Tomcat initialized with port(s): 443 (https)
12:47:08.496 [main]                 [34mINFO [0;39m o.a.coyote.http11.Http11NioProtocol - Initializing ProtocolHandler ["https-jsse-nio-443"]
12:47:08.497 [main]                 [34mINFO [0;39m o.a.catalina.core.StandardService - Starting service [Tomcat]
12:47:08.497 [main]                 [34mINFO [0;39m o.a.catalina.core.StandardEngine - Starting Servlet engine: [Apache Tomcat/9.0.46]
12:47:08.593 [main]                 [34mINFO [0;39m o.a.c.c.C.[Tomcat].[localhost].[/] - Initializing Spring embedded WebApplicationContext
12:47:08.594 [main]                 [34mINFO [0;39m o.s.b.w.s.c.ServletWebServerApplicationContext - Root WebApplicationContext: initialization completed in 2198 ms
12:47:08.791 [main]                 [34mINFO [0;39m o.f.c.i.license.VersionPrinter - Flyway Community Edition 7.7.3 by Redgate
12:47:08.814 [main]                 [34mINFO [0;39m com.zaxxer.hikari.HikariDataSource - HikariPool-1 - Starting...
12:47:09.177 [main]                 [34mINFO [0;39m com.zaxxer.hikari.HikariDataSource - HikariPool-1 - Start completed.
12:47:09.237 [main]                 [34mINFO [0;39m o.f.c.i.database.base.DatabaseType - Database: jdbc:mysql://localhost:3306/forflyway (MySQL 8.0)
12:47:09.318 [main]                 [34mINFO [0;39m o.f.core.internal.command.DbValidate - Successfully validated 2 migrations (execution time 00:00.045s)
12:47:09.335 [main]                 [34mINFO [0;39m o.f.core.internal.command.DbMigrate - Current version of schema `forflyway`: 2
12:47:09.338 [main]                 [34mINFO [0;39m o.f.core.internal.command.DbMigrate - Schema `forflyway` is up to date. No migration necessary.
12:47:09.478 [main]                 [34mINFO [0;39m o.h.jpa.internal.util.LogHelper - HHH000204: Processing PersistenceUnitInfo [name: default]
12:47:09.538 [main]                 [34mINFO [0;39m org.hibernate.Version - HHH000412: Hibernate ORM core version 5.4.31.Final
12:47:09.698 [main]                 [34mINFO [0;39m o.h.annotations.common.Version - HCANN000001: Hibernate Commons Annotations {5.1.2.Final}
12:47:09.823 [main]                 [34mINFO [0;39m org.hibernate.dialect.Dialect - HHH000400: Using dialect: org.hibernate.dialect.MySQL5Dialect
12:47:10.648 [main]                 [34mINFO [0;39m o.h.e.t.j.p.i.JtaPlatformInitiator - HHH000490: Using JtaPlatform implementation: [org.hibernate.engine.transaction.jta.platform.internal.NoJtaPlatform]
12:47:10.656 [main]                 [34mINFO [0;39m o.s.o.j.LocalContainerEntityManagerFactoryBean - Initialized JPA EntityManagerFactory for persistence unit 'default'
12:47:10.700 [main]                 [31mWARN [0;39m o.s.b.a.o.j.JpaBaseConfiguration$JpaWebConfiguration - spring.jpa.open-in-view is enabled by default. Therefore, database queries may be performed during view rendering. Explicitly configure spring.jpa.open-in-view to disable this warning
12:47:11.722 [main]                 [34mINFO [0;39m o.s.s.web.DefaultSecurityFilterChain - Will secure Ant [pattern='/css/**'] with []
12:47:11.722 [main]                 [34mINFO [0;39m o.s.s.web.DefaultSecurityFilterChain - Will secure Ant [pattern='/js/**'] with []
12:47:11.722 [main]                 [34mINFO [0;39m o.s.s.web.DefaultSecurityFilterChain - Will secure Ant [pattern='/fonts/**'] with []
12:47:11.722 [main]                 [34mINFO [0;39m o.s.s.web.DefaultSecurityFilterChain - Will secure Ant [pattern='/images/**'] with []
12:47:11.762 [main]                 [34mINFO [0;39m o.s.s.w.a.c.ChannelProcessingFilter - Validated configuration attributes
12:47:11.767 [main]                 [34mINFO [0;39m o.s.s.web.DefaultSecurityFilterChain - Will secure any request with [org.springframework.security.web.access.channel.ChannelProcessingFilter@355b4c34, org.springframework.security.web.context.request.async.WebAsyncManagerIntegrationFilter@1372696b, org.springframework.security.web.context.SecurityContextPersistenceFilter@36ec4071, org.springframework.security.web.header.HeaderWriterFilter@8aafd70, org.springframework.security.web.authentication.logout.LogoutFilter@4c9bed65, org.springframework.security.web.authentication.UsernamePasswordAuthenticationFilter@dc3eda6, org.springframework.security.web.savedrequest.RequestCacheAwareFilter@7359f3ac, org.springframework.security.web.servletapi.SecurityContextHolderAwareRequestFilter@5a464be7, org.springframework.security.web.authentication.AnonymousAuthenticationFilter@7ca7bddd, org.springframework.security.web.session.SessionManagementFilter@7ca0b05e, org.springframework.security.web.access.ExceptionTranslationFilter@54d2887a, org.springframework.security.web.access.intercept.FilterSecurityInterceptor@4f6a5cc9]
12:47:12.033 [main]                 [34mINFO [0;39m o.s.b.a.w.s.WelcomePageHandlerMapping - Adding welcome page template: index
12:47:12.200 [main]                 [34mINFO [0;39m o.s.b.a.s.s.UserDetailsServiceAutoConfiguration - 

Using generated security password: ecf5ac3b-08e7-469a-9363-3ce89e07edc7

12:47:12.206 [main]                 [34mINFO [0;39m o.a.coyote.http11.Http11NioProtocol - Starting ProtocolHandler ["https-jsse-nio-443"]
12:47:12.764 [main]                 [34mINFO [0;39m o.s.b.w.e.tomcat.TomcatWebServer - Tomcat started on port(s): 443 (https) with context path ''
12:47:12.773 [main]                 [34mINFO [0;39m com.example.demo2.Application - Started Application in 7.247 seconds (JVM running for 7.872)
12:47:12.774 [main]                 [34mINFO [0;39m o.s.b.a.ApplicationAvailabilityBean - Application availability state LivenessState changed to CORRECT
12:47:12.776 [main]                 [34mINFO [0;39m o.s.b.a.ApplicationAvailabilityBean - Application availability state ReadinessState changed to ACCEPTING_TRAFFIC
12:48:29.547 [main]                 [34mINFO [0;39m com.example.demo2.Application - Starting Application using Java 10.0.2 on My-PC with PID 4172 (D:\Java\Project IDEA\demo2\target\classes started by Макс in D:\Java\Project IDEA\demo2)
12:48:29.550 [main]                 [34mINFO [0;39m com.example.demo2.Application - No active profile set, falling back to default profiles: default
12:48:29.562 [background-preinit]   [34mINFO [0;39m o.h.validator.internal.util.Version - HV000001: Hibernate Validator 6.2.0.Final
12:48:30.007 [background-preinit]   [31mWARN [0;39m o.s.h.c.j.Jackson2ObjectMapperBuilder - For Jackson Kotlin classes support please add "com.fasterxml.jackson.module:jackson-module-kotlin" to the classpath
12:48:30.432 [main]                 [34mINFO [0;39m o.s.d.r.c.RepositoryConfigurationDelegate - Bootstrapping Spring Data JPA repositories in DEFAULT mode.
12:48:30.507 [main]                 [34mINFO [0;39m o.s.d.r.c.RepositoryConfigurationDelegate - Finished Spring Data repository scanning in 65 ms. Found 6 JPA repository interfaces.
12:48:30.963 [main]                 [34mINFO [0;39m o.s.c.s.PostProcessorRegistrationDelegate$BeanPostProcessorChecker - Bean 'org.springframework.security.access.expression.method.DefaultMethodSecurityExpressionHandler@43f9dd56' of type [org.springframework.security.access.expression.method.DefaultMethodSecurityExpressionHandler] is not eligible for getting processed by all BeanPostProcessors (for example: not eligible for auto-proxying)
12:48:30.969 [main]                 [34mINFO [0;39m o.s.c.s.PostProcessorRegistrationDelegate$BeanPostProcessorChecker - Bean 'methodSecurityMetadataSource' of type [org.springframework.security.access.method.DelegatingMethodSecurityMetadataSource] is not eligible for getting processed by all BeanPostProcessors (for example: not eligible for auto-proxying)
12:48:31.353 [main]                 [34mINFO [0;39m o.s.b.w.e.tomcat.TomcatWebServer - Tomcat initialized with port(s): 443 (https)
12:48:31.368 [main]                 [34mINFO [0;39m o.a.coyote.http11.Http11NioProtocol - Initializing ProtocolHandler ["https-jsse-nio-443"]
12:48:31.369 [main]                 [34mINFO [0;39m o.a.catalina.core.StandardService - Starting service [Tomcat]
12:48:31.370 [main]                 [34mINFO [0;39m o.a.catalina.core.StandardEngine - Starting Servlet engine: [Apache Tomcat/9.0.46]
12:48:31.481 [main]                 [34mINFO [0;39m o.a.c.c.C.[Tomcat].[localhost].[/] - Initializing Spring embedded WebApplicationContext
12:48:31.481 [main]                 [34mINFO [0;39m o.s.b.w.s.c.ServletWebServerApplicationContext - Root WebApplicationContext: initialization completed in 1799 ms
12:48:31.655 [main]                 [34mINFO [0;39m o.f.c.i.license.VersionPrinter - Flyway Community Edition 7.7.3 by Redgate
12:48:31.660 [main]                 [34mINFO [0;39m com.zaxxer.hikari.HikariDataSource - HikariPool-1 - Starting...
12:48:31.928 [main]                 [34mINFO [0;39m com.zaxxer.hikari.HikariDataSource - HikariPool-1 - Start completed.
12:48:31.973 [main]                 [34mINFO [0;39m o.f.c.i.database.base.DatabaseType - Database: jdbc:mysql://localhost:3306/forflyway (MySQL 8.0)
12:48:32.022 [main]                 [34mINFO [0;39m o.f.core.internal.command.DbValidate - Successfully validated 2 migrations (execution time 00:00.024s)
12:48:32.035 [main]                 [34mINFO [0;39m o.f.core.internal.command.DbMigrate - Current version of schema `forflyway`: 2
12:48:32.036 [main]                 [34mINFO [0;39m o.f.core.internal.command.DbMigrate - Schema `forflyway` is up to date. No migration necessary.
12:48:32.120 [main]                 [34mINFO [0;39m o.h.jpa.internal.util.LogHelper - HHH000204: Processing PersistenceUnitInfo [name: default]
12:48:32.171 [main]                 [34mINFO [0;39m org.hibernate.Version - HHH000412: Hibernate ORM core version 5.4.31.Final
12:48:32.294 [main]                 [34mINFO [0;39m o.h.annotations.common.Version - HCANN000001: Hibernate Commons Annotations {5.1.2.Final}
12:48:32.404 [main]                 [34mINFO [0;39m org.hibernate.dialect.Dialect - HHH000400: Using dialect: org.hibernate.dialect.MySQL5Dialect
12:48:33.077 [main]                 [34mINFO [0;39m o.h.e.t.j.p.i.JtaPlatformInitiator - HHH000490: Using JtaPlatform implementation: [org.hibernate.engine.transaction.jta.platform.internal.NoJtaPlatform]
12:48:33.084 [main]                 [34mINFO [0;39m o.s.o.j.LocalContainerEntityManagerFactoryBean - Initialized JPA EntityManagerFactory for persistence unit 'default'
12:48:33.129 [main]                 [31mWARN [0;39m o.s.b.a.o.j.JpaBaseConfiguration$JpaWebConfiguration - spring.jpa.open-in-view is enabled by default. Therefore, database queries may be performed during view rendering. Explicitly configure spring.jpa.open-in-view to disable this warning
12:48:33.961 [main]                 [34mINFO [0;39m o.s.s.web.DefaultSecurityFilterChain - Will secure Ant [pattern='/css/**'] with []
12:48:33.961 [main]                 [34mINFO [0;39m o.s.s.web.DefaultSecurityFilterChain - Will secure Ant [pattern='/js/**'] with []
12:48:33.961 [main]                 [34mINFO [0;39m o.s.s.web.DefaultSecurityFilterChain - Will secure Ant [pattern='/fonts/**'] with []
12:48:33.961 [main]                 [34mINFO [0;39m o.s.s.web.DefaultSecurityFilterChain - Will secure Ant [pattern='/images/**'] with []
12:48:33.998 [main]                 [34mINFO [0;39m o.s.s.w.a.c.ChannelProcessingFilter - Validated configuration attributes
12:48:34.005 [main]                 [34mINFO [0;39m o.s.s.web.DefaultSecurityFilterChain - Will secure any request with [org.springframework.security.web.access.channel.ChannelProcessingFilter@47d7e4b6, org.springframework.security.web.context.request.async.WebAsyncManagerIntegrationFilter@2ba4b32b, org.springframework.security.web.context.SecurityContextPersistenceFilter@1256925b, org.springframework.security.web.header.HeaderWriterFilter@34d0c331, org.springframework.security.web.authentication.logout.LogoutFilter@543196f9, org.springframework.security.web.authentication.UsernamePasswordAuthenticationFilter@49e92724, org.springframework.security.web.savedrequest.RequestCacheAwareFilter@467421cc, org.springframework.security.web.servletapi.SecurityContextHolderAwareRequestFilter@4629dde5, org.springframework.security.web.authentication.AnonymousAuthenticationFilter@532e00bd, org.springframework.security.web.session.SessionManagementFilter@577f81a0, org.springframework.security.web.access.ExceptionTranslationFilter@1adec8d, org.springframework.security.web.access.intercept.FilterSecurityInterceptor@1728d307]
12:48:34.238 [main]                 [34mINFO [0;39m o.s.b.a.w.s.WelcomePageHandlerMapping - Adding welcome page template: index
12:48:34.442 [main]                 [34mINFO [0;39m o.s.b.a.s.s.UserDetailsServiceAutoConfiguration - 

Using generated security password: 1bb2688d-2cca-4ac5-a903-022cb0a93a5a

12:48:34.449 [main]                 [34mINFO [0;39m o.a.coyote.http11.Http11NioProtocol - Starting ProtocolHandler ["https-jsse-nio-443"]
12:48:34.838 [main]                 [34mINFO [0;39m o.s.b.w.e.tomcat.TomcatWebServer - Tomcat started on port(s): 443 (https) with context path ''
12:48:34.850 [main]                 [34mINFO [0;39m com.example.demo2.Application - Started Application in 5.919 seconds (JVM running for 6.424)
12:48:34.852 [main]                 [34mINFO [0;39m o.s.b.a.ApplicationAvailabilityBean - Application availability state LivenessState changed to CORRECT
12:48:34.855 [main]                 [34mINFO [0;39m o.s.b.a.ApplicationAvailabilityBean - Application availability state ReadinessState changed to ACCEPTING_TRAFFIC
12:49:12.022 [https-jsse-nio-443-exec-8] [34mINFO [0;39m o.a.c.c.C.[Tomcat].[localhost].[/] - Initializing Spring DispatcherServlet 'dispatcherServlet'
12:49:12.023 [https-jsse-nio-443-exec-8] [34mINFO [0;39m o.s.web.servlet.DispatcherServlet - Initializing Servlet 'dispatcherServlet'
12:49:12.026 [https-jsse-nio-443-exec-8] [34mINFO [0;39m o.s.web.servlet.DispatcherServlet - Completed initialization in 2 ms
12:49:12.051 [https-jsse-nio-443-exec-8] [34mINFO [0;39m c.e.d.filter.FilterForAllTemplates - Filter 1 for req : https://localhost/
12:49:12.340 [https-jsse-nio-443-exec-9] [34mINFO [0;39m c.e.d.filter.FilterForAllTemplates - Filter 1 for req : https://localhost/css/index.css
12:49:12.357 [https-jsse-nio-443-exec-3] [34mINFO [0;39m c.e.d.filter.FilterForAllTemplates - Filter 1 for req : https://localhost/images/photo.jpg
12:49:12.449 [https-jsse-nio-443-exec-8] [34mINFO [0;39m c.e.d.filter.FilterForAllTemplates - Filter 1 for req : https://localhost/login
12:49:14.368 [https-jsse-nio-443-exec-1] [34mINFO [0;39m c.e.d.filter.FilterForAllTemplates - Filter 1 for req : https://localhost/login
12:49:14.397 [https-jsse-nio-443-exec-5] [34mINFO [0;39m c.e.d.filter.FilterForAllTemplates - Filter 1 for req : https://localhost/login
12:49:51.098 [https-jsse-nio-443-exec-7] [34mINFO [0;39m c.e.d.filter.FilterForAllTemplates - Filter 1 for req : https://localhost/maiin.html
12:49:51.147 [https-jsse-nio-443-exec-9] [34mINFO [0;39m c.e.d.filter.FilterForAllTemplates - Filter 1 for req : https://localhost/css/index.css
12:49:51.152 [https-jsse-nio-443-exec-3] [34mINFO [0;39m c.e.d.filter.FilterForAllTemplates - Filter 1 for req : https://localhost/images/photo.jpg
12:49:51.166 [https-jsse-nio-443-exec-4] [34mINFO [0;39m c.e.d.filter.FilterForAllTemplates - Filter 1 for req : https://localhost/ConstantBlock.html
12:49:51.171 [https-jsse-nio-443-exec-8] [34mINFO [0;39m c.e.d.filter.FilterForAllTemplates - Filter 1 for req : https://localhost/favicon.ico
12:50:16.265 [https-jsse-nio-443-exec-10] [34mINFO [0;39m c.e.d.filter.FilterForAllTemplates - Filter 1 for req : https://localhost/workingWithFields.html
12:50:16.303 [https-jsse-nio-443-exec-2] [34mINFO [0;39m c.e.d.filter.FilterForAllTemplates - Filter 1 for req : https://localhost/js/workingWithFields.js
12:50:16.303 [https-jsse-nio-443-exec-1] [34mINFO [0;39m c.e.d.filter.FilterForAllTemplates - Filter 1 for req : https://localhost/css/index23.css
12:50:16.328 [https-jsse-nio-443-exec-5] [34mINFO [0;39m c.e.d.filter.FilterForAllTemplates - Filter 1 for req : https://localhost/ConstantBlock.html
12:50:19.744 [https-jsse-nio-443-exec-6] [34mINFO [0;39m c.e.d.filter.FilterForAllTemplates - Filter 1 for req : https://localhost/users/findAll
12:50:19.744 [https-jsse-nio-443-exec-6] [34mINFO [0;39m c.e.d.filter.FilterForSomeTemplates - Filter 2 for templates - /users/delete and /users/findAll. ServerName : localhost
12:50:47.634 [https-jsse-nio-443-exec-7] [34mINFO [0;39m c.e.d.filter.FilterForAllTemplates - Filter 1 for req : https://localhost/users/save
12:50:49.190 [https-jsse-nio-443-exec-9] [34mINFO [0;39m c.e.d.filter.FilterForAllTemplates - Filter 1 for req : https://localhost/users/findAll
12:50:49.190 [https-jsse-nio-443-exec-9] [34mINFO [0;39m c.e.d.filter.FilterForSomeTemplates - Filter 2 for templates - /users/delete and /users/findAll. ServerName : localhost
12:50:57.111 [https-jsse-nio-443-exec-3] [34mINFO [0;39m c.e.d.filter.FilterForAllTemplates - Filter 1 for req : https://localhost/users/findByLogin
12:53:29.863 [background-preinit]   [34mINFO [0;39m o.h.validator.internal.util.Version - HV000001: Hibernate Validator 6.2.0.Final
12:53:29.863 [main]                 [34mINFO [0;39m com.example.demo2.Application - Starting Application using Java 10.0.2 on My-PC with PID 5324 (D:\Java\Project IDEA\demo2\target\classes started by Макс in D:\Java\Project IDEA\demo2)
12:53:29.879 [main]                 [34mINFO [0;39m com.example.demo2.Application - No active profile set, falling back to default profiles: default
12:53:30.269 [background-preinit]   [31mWARN [0;39m o.s.h.c.j.Jackson2ObjectMapperBuilder - For Jackson Kotlin classes support please add "com.fasterxml.jackson.module:jackson-module-kotlin" to the classpath
12:53:30.705 [main]                 [34mINFO [0;39m o.s.d.r.c.RepositoryConfigurationDelegate - Bootstrapping Spring Data JPA repositories in DEFAULT mode.
12:53:30.783 [main]                 [34mINFO [0;39m o.s.d.r.c.RepositoryConfigurationDelegate - Finished Spring Data repository scanning in 76 ms. Found 6 JPA repository interfaces.
12:53:31.173 [main]                 [34mINFO [0;39m o.s.c.s.PostProcessorRegistrationDelegate$BeanPostProcessorChecker - Bean 'org.springframework.security.access.expression.method.DefaultMethodSecurityExpressionHandler@64aad809' of type [org.springframework.security.access.expression.method.DefaultMethodSecurityExpressionHandler] is not eligible for getting processed by all BeanPostProcessors (for example: not eligible for auto-proxying)
12:53:31.173 [main]                 [34mINFO [0;39m o.s.c.s.PostProcessorRegistrationDelegate$BeanPostProcessorChecker - Bean 'methodSecurityMetadataSource' of type [org.springframework.security.access.method.DelegatingMethodSecurityMetadataSource] is not eligible for getting processed by all BeanPostProcessors (for example: not eligible for auto-proxying)
12:53:31.548 [main]                 [34mINFO [0;39m o.s.b.w.e.tomcat.TomcatWebServer - Tomcat initialized with port(s): 443 (https)
12:53:31.563 [main]                 [34mINFO [0;39m o.a.coyote.http11.Http11NioProtocol - Initializing ProtocolHandler ["https-jsse-nio-443"]
12:53:31.563 [main]                 [34mINFO [0;39m o.a.catalina.core.StandardService - Starting service [Tomcat]
12:53:31.563 [main]                 [34mINFO [0;39m o.a.catalina.core.StandardEngine - Starting Servlet engine: [Apache Tomcat/9.0.46]
12:53:31.641 [main]                 [34mINFO [0;39m o.a.c.c.C.[Tomcat].[localhost].[/] - Initializing Spring embedded WebApplicationContext
12:53:31.641 [main]                 [34mINFO [0;39m o.s.b.w.s.c.ServletWebServerApplicationContext - Root WebApplicationContext: initialization completed in 1684 ms
12:53:31.829 [main]                 [34mINFO [0;39m o.f.c.i.license.VersionPrinter - Flyway Community Edition 7.7.3 by Redgate
12:53:31.844 [main]                 [34mINFO [0;39m com.zaxxer.hikari.HikariDataSource - HikariPool-1 - Starting...
12:53:32.109 [main]                 [34mINFO [0;39m com.zaxxer.hikari.HikariDataSource - HikariPool-1 - Start completed.
12:53:32.156 [main]                 [34mINFO [0;39m o.f.c.i.database.base.DatabaseType - Database: jdbc:mysql://localhost:3306/forflyway (MySQL 8.0)
12:53:32.203 [main]                 [34mINFO [0;39m o.f.core.internal.command.DbValidate - Successfully validated 2 migrations (execution time 00:00.020s)
12:53:32.219 [main]                 [34mINFO [0;39m o.f.core.internal.command.DbMigrate - Current version of schema `forflyway`: 2
12:53:32.219 [main]                 [34mINFO [0;39m o.f.core.internal.command.DbMigrate - Schema `forflyway` is up to date. No migration necessary.
12:53:32.328 [main]                 [34mINFO [0;39m o.h.jpa.internal.util.LogHelper - HHH000204: Processing PersistenceUnitInfo [name: default]
12:53:32.375 [main]                 [34mINFO [0;39m org.hibernate.Version - HHH000412: Hibernate ORM core version 5.4.31.Final
12:53:32.484 [main]                 [34mINFO [0;39m o.h.annotations.common.Version - HCANN000001: Hibernate Commons Annotations {5.1.2.Final}
12:53:32.593 [main]                 [34mINFO [0;39m org.hibernate.dialect.Dialect - HHH000400: Using dialect: org.hibernate.dialect.MySQL5Dialect
12:53:33.264 [main]                 [34mINFO [0;39m o.h.e.t.j.p.i.JtaPlatformInitiator - HHH000490: Using JtaPlatform implementation: [org.hibernate.engine.transaction.jta.platform.internal.NoJtaPlatform]
12:53:33.264 [main]                 [34mINFO [0;39m o.s.o.j.LocalContainerEntityManagerFactoryBean - Initialized JPA EntityManagerFactory for persistence unit 'default'
12:53:33.311 [main]                 [31mWARN [0;39m o.s.b.a.o.j.JpaBaseConfiguration$JpaWebConfiguration - spring.jpa.open-in-view is enabled by default. Therefore, database queries may be performed during view rendering. Explicitly configure spring.jpa.open-in-view to disable this warning
12:53:34.091 [main]                 [34mINFO [0;39m o.s.s.web.DefaultSecurityFilterChain - Will secure Ant [pattern='/css/**'] with []
12:53:34.091 [main]                 [34mINFO [0;39m o.s.s.web.DefaultSecurityFilterChain - Will secure Ant [pattern='/js/**'] with []
12:53:34.091 [main]                 [34mINFO [0;39m o.s.s.web.DefaultSecurityFilterChain - Will secure Ant [pattern='/fonts/**'] with []
12:53:34.091 [main]                 [34mINFO [0;39m o.s.s.web.DefaultSecurityFilterChain - Will secure Ant [pattern='/images/**'] with []
12:53:34.122 [main]                 [34mINFO [0;39m o.s.s.w.a.c.ChannelProcessingFilter - Validated configuration attributes
12:53:34.137 [main]                 [34mINFO [0;39m o.s.s.web.DefaultSecurityFilterChain - Will secure any request with [org.springframework.security.web.access.channel.ChannelProcessingFilter@7a79d99c, org.springframework.security.web.context.request.async.WebAsyncManagerIntegrationFilter@4425b6ed, org.springframework.security.web.context.SecurityContextPersistenceFilter@36ec4071, org.springframework.security.web.header.HeaderWriterFilter@1443539, org.springframework.security.web.authentication.logout.LogoutFilter@1256925b, org.springframework.security.web.authentication.UsernamePasswordAuthenticationFilter@6dc7b7f, org.springframework.security.web.savedrequest.RequestCacheAwareFilter@68cc6319, org.springframework.security.web.servletapi.SecurityContextHolderAwareRequestFilter@1e6e29d6, org.springframework.security.web.authentication.AnonymousAuthenticationFilter@702432cc, org.springframework.security.web.session.SessionManagementFilter@237bdbcb, org.springframework.security.web.access.ExceptionTranslationFilter@2faae7f6, org.springframework.security.web.access.intercept.FilterSecurityInterceptor@414d466e]
12:53:34.356 [main]                 [34mINFO [0;39m o.s.b.a.w.s.WelcomePageHandlerMapping - Adding welcome page template: index
12:53:34.512 [main]                 [34mINFO [0;39m o.s.b.a.s.s.UserDetailsServiceAutoConfiguration - 

Using generated security password: d9498761-b0d4-49c3-8eed-0844e554a07d

12:53:34.527 [main]                 [34mINFO [0;39m o.a.coyote.http11.Http11NioProtocol - Starting ProtocolHandler ["https-jsse-nio-443"]
12:53:35.058 [main]                 [34mINFO [0;39m o.s.b.w.e.tomcat.TomcatWebServer - Tomcat started on port(s): 443 (https) with context path ''
12:53:35.058 [main]                 [34mINFO [0;39m com.example.demo2.Application - Started Application in 5.873 seconds (JVM running for 6.431)
12:53:35.073 [main]                 [34mINFO [0;39m o.s.b.a.ApplicationAvailabilityBean - Application availability state LivenessState changed to CORRECT
12:53:35.073 [main]                 [34mINFO [0;39m o.s.b.a.ApplicationAvailabilityBean - Application availability state ReadinessState changed to ACCEPTING_TRAFFIC
12:53:42.133 [https-jsse-nio-443-exec-8] [34mINFO [0;39m o.a.c.c.C.[Tomcat].[localhost].[/] - Initializing Spring DispatcherServlet 'dispatcherServlet'
12:53:42.133 [https-jsse-nio-443-exec-8] [34mINFO [0;39m o.s.web.servlet.DispatcherServlet - Initializing Servlet 'dispatcherServlet'
12:53:42.134 [https-jsse-nio-443-exec-8] [34mINFO [0;39m o.s.web.servlet.DispatcherServlet - Completed initialization in 1 ms
12:53:42.222 [https-jsse-nio-443-exec-9] [34mINFO [0;39m c.e.d.filter.FilterForAllTemplates - Filter 1 for req : https://localhost/login
12:53:52.611 [https-jsse-nio-443-exec-7] [34mINFO [0;39m c.e.d.filter.FilterForAllTemplates - Filter 1 for req : https://localhost/maiin.html
12:53:52.634 [https-jsse-nio-443-exec-4] [34mINFO [0;39m c.e.d.filter.FilterForAllTemplates - Filter 1 for req : https://localhost/css/index.css
12:53:52.645 [https-jsse-nio-443-exec-8] [34mINFO [0;39m c.e.d.filter.FilterForAllTemplates - Filter 1 for req : https://localhost/images/photo.jpg
12:53:52.660 [https-jsse-nio-443-exec-8] [34mINFO [0;39m c.e.d.filter.FilterForAllTemplates - Filter 1 for req : https://localhost/ConstantBlock.html
12:53:56.687 [https-jsse-nio-443-exec-6] [34mINFO [0;39m c.e.d.filter.FilterForAllTemplates - Filter 1 for req : https://localhost/workingWithFields.html
12:53:56.711 [https-jsse-nio-443-exec-7] [34mINFO [0;39m c.e.d.filter.FilterForAllTemplates - Filter 1 for req : https://localhost/css/index23.css
12:53:56.717 [https-jsse-nio-443-exec-3] [34mINFO [0;39m c.e.d.filter.FilterForAllTemplates - Filter 1 for req : https://localhost/js/workingWithFields.js
12:53:56.729 [https-jsse-nio-443-exec-1] [34mINFO [0;39m c.e.d.filter.FilterForAllTemplates - Filter 1 for req : https://localhost/ConstantBlock.html
12:54:23.845 [https-jsse-nio-443-exec-2] [34mINFO [0;39m c.e.d.filter.FilterForAllTemplates - Filter 1 for req : https://localhost/users/findAll
12:54:23.845 [https-jsse-nio-443-exec-2] [34mINFO [0;39m c.e.d.filter.FilterForSomeTemplates - Filter 2 for templates - /users/delete and /users/findAll. ServerName : /users/findAll
12:57:05.453 [main]                 [34mINFO [0;39m com.example.demo2.Application - Starting Application using Java 10.0.2 on My-PC with PID 8016 (D:\Java\Project IDEA\demo2\target\classes started by Макс in D:\Java\Project IDEA\demo2)
12:57:05.453 [main]                 [34mINFO [0;39m com.example.demo2.Application - No active profile set, falling back to default profiles: default
12:57:05.484 [background-preinit]   [34mINFO [0;39m o.h.validator.internal.util.Version - HV000001: Hibernate Validator 6.2.0.Final
12:57:05.937 [background-preinit]   [31mWARN [0;39m o.s.h.c.j.Jackson2ObjectMapperBuilder - For Jackson Kotlin classes support please add "com.fasterxml.jackson.module:jackson-module-kotlin" to the classpath
12:57:06.358 [main]                 [34mINFO [0;39m o.s.d.r.c.RepositoryConfigurationDelegate - Bootstrapping Spring Data JPA repositories in DEFAULT mode.
12:57:06.436 [main]                 [34mINFO [0;39m o.s.d.r.c.RepositoryConfigurationDelegate - Finished Spring Data repository scanning in 73 ms. Found 6 JPA repository interfaces.
12:57:06.795 [main]                 [34mINFO [0;39m o.s.c.s.PostProcessorRegistrationDelegate$BeanPostProcessorChecker - Bean 'org.springframework.security.access.expression.method.DefaultMethodSecurityExpressionHandler@58867cd5' of type [org.springframework.security.access.expression.method.DefaultMethodSecurityExpressionHandler] is not eligible for getting processed by all BeanPostProcessors (for example: not eligible for auto-proxying)
12:57:06.810 [main]                 [34mINFO [0;39m o.s.c.s.PostProcessorRegistrationDelegate$BeanPostProcessorChecker - Bean 'methodSecurityMetadataSource' of type [org.springframework.security.access.method.DelegatingMethodSecurityMetadataSource] is not eligible for getting processed by all BeanPostProcessors (for example: not eligible for auto-proxying)
12:57:07.169 [main]                 [34mINFO [0;39m o.s.b.w.e.tomcat.TomcatWebServer - Tomcat initialized with port(s): 443 (https)
12:57:07.185 [main]                 [34mINFO [0;39m o.a.coyote.http11.Http11NioProtocol - Initializing ProtocolHandler ["https-jsse-nio-443"]
12:57:07.185 [main]                 [34mINFO [0;39m o.a.catalina.core.StandardService - Starting service [Tomcat]
12:57:07.185 [main]                 [34mINFO [0;39m o.a.catalina.core.StandardEngine - Starting Servlet engine: [Apache Tomcat/9.0.46]
12:57:07.294 [main]                 [34mINFO [0;39m o.a.c.c.C.[Tomcat].[localhost].[/] - Initializing Spring embedded WebApplicationContext
12:57:07.294 [main]                 [34mINFO [0;39m o.s.b.w.s.c.ServletWebServerApplicationContext - Root WebApplicationContext: initialization completed in 1763 ms
12:57:07.481 [main]                 [34mINFO [0;39m o.f.c.i.license.VersionPrinter - Flyway Community Edition 7.7.3 by Redgate
12:57:07.481 [main]                 [34mINFO [0;39m com.zaxxer.hikari.HikariDataSource - HikariPool-1 - Starting...
12:57:07.762 [main]                 [34mINFO [0;39m com.zaxxer.hikari.HikariDataSource - HikariPool-1 - Start completed.
12:57:07.809 [main]                 [34mINFO [0;39m o.f.c.i.database.base.DatabaseType - Database: jdbc:mysql://localhost:3306/forflyway (MySQL 8.0)
12:57:07.855 [main]                 [34mINFO [0;39m o.f.core.internal.command.DbValidate - Successfully validated 2 migrations (execution time 00:00.020s)
12:57:07.855 [main]                 [34mINFO [0;39m o.f.core.internal.command.DbMigrate - Current version of schema `forflyway`: 2
12:57:07.871 [main]                 [34mINFO [0;39m o.f.core.internal.command.DbMigrate - Schema `forflyway` is up to date. No migration necessary.
12:57:07.933 [main]                 [34mINFO [0;39m o.h.jpa.internal.util.LogHelper - HHH000204: Processing PersistenceUnitInfo [name: default]
12:57:07.980 [main]                 [34mINFO [0;39m org.hibernate.Version - HHH000412: Hibernate ORM core version 5.4.31.Final
12:57:08.105 [main]                 [34mINFO [0;39m o.h.annotations.common.Version - HCANN000001: Hibernate Commons Annotations {5.1.2.Final}
12:57:08.214 [main]                 [34mINFO [0;39m org.hibernate.dialect.Dialect - HHH000400: Using dialect: org.hibernate.dialect.MySQL5Dialect
12:57:08.916 [main]                 [34mINFO [0;39m o.h.e.t.j.p.i.JtaPlatformInitiator - HHH000490: Using JtaPlatform implementation: [org.hibernate.engine.transaction.jta.platform.internal.NoJtaPlatform]
12:57:08.916 [main]                 [34mINFO [0;39m o.s.o.j.LocalContainerEntityManagerFactoryBean - Initialized JPA EntityManagerFactory for persistence unit 'default'
12:57:08.979 [main]                 [31mWARN [0;39m o.s.b.a.o.j.JpaBaseConfiguration$JpaWebConfiguration - spring.jpa.open-in-view is enabled by default. Therefore, database queries may be performed during view rendering. Explicitly configure spring.jpa.open-in-view to disable this warning
12:57:09.759 [main]                 [34mINFO [0;39m o.s.s.web.DefaultSecurityFilterChain - Will secure Ant [pattern='/css/**'] with []
12:57:09.759 [main]                 [34mINFO [0;39m o.s.s.web.DefaultSecurityFilterChain - Will secure Ant [pattern='/js/**'] with []
12:57:09.759 [main]                 [34mINFO [0;39m o.s.s.web.DefaultSecurityFilterChain - Will secure Ant [pattern='/fonts/**'] with []
12:57:09.759 [main]                 [34mINFO [0;39m o.s.s.web.DefaultSecurityFilterChain - Will secure Ant [pattern='/images/**'] with []
12:57:09.790 [main]                 [34mINFO [0;39m o.s.s.w.a.c.ChannelProcessingFilter - Validated configuration attributes
12:57:09.790 [main]                 [34mINFO [0;39m o.s.s.web.DefaultSecurityFilterChain - Will secure any request with [org.springframework.security.web.access.channel.ChannelProcessingFilter@22fe90df, org.springframework.security.web.context.request.async.WebAsyncManagerIntegrationFilter@470866d1, org.springframework.security.web.context.SecurityContextPersistenceFilter@643a73fa, org.springframework.security.web.header.HeaderWriterFilter@263f6e96, org.springframework.security.web.authentication.logout.LogoutFilter@3f0b5619, org.springframework.security.web.authentication.UsernamePasswordAuthenticationFilter@2e564c78, org.springframework.security.web.savedrequest.RequestCacheAwareFilter@2686a801, org.springframework.security.web.servletapi.SecurityContextHolderAwareRequestFilter@749ffdc7, org.springframework.security.web.authentication.AnonymousAuthenticationFilter@11267e87, org.springframework.security.web.session.SessionManagementFilter@414d466e, org.springframework.security.web.access.ExceptionTranslationFilter@b307030, org.springframework.security.web.access.intercept.FilterSecurityInterceptor@6f9999f6]
12:57:10.008 [main]                 [34mINFO [0;39m o.s.b.a.w.s.WelcomePageHandlerMapping - Adding welcome page template: index
12:57:10.149 [main]                 [34mINFO [0;39m o.s.b.a.s.s.UserDetailsServiceAutoConfiguration - 

Using generated security password: 25e23af9-49dc-48ce-9444-129bd499f399

12:57:10.164 [main]                 [34mINFO [0;39m o.a.coyote.http11.Http11NioProtocol - Starting ProtocolHandler ["https-jsse-nio-443"]
12:57:10.632 [main]                 [34mINFO [0;39m o.s.b.w.e.tomcat.TomcatWebServer - Tomcat started on port(s): 443 (https) with context path ''
12:57:10.648 [main]                 [34mINFO [0;39m com.example.demo2.Application - Started Application in 5.806 seconds (JVM running for 6.308)
12:57:10.648 [main]                 [34mINFO [0;39m o.s.b.a.ApplicationAvailabilityBean - Application availability state LivenessState changed to CORRECT
12:57:10.648 [main]                 [34mINFO [0;39m o.s.b.a.ApplicationAvailabilityBean - Application availability state ReadinessState changed to ACCEPTING_TRAFFIC
12:57:14.666 [https-jsse-nio-443-exec-8] [34mINFO [0;39m o.a.c.c.C.[Tomcat].[localhost].[/] - Initializing Spring DispatcherServlet 'dispatcherServlet'
12:57:14.666 [https-jsse-nio-443-exec-8] [34mINFO [0;39m o.s.web.servlet.DispatcherServlet - Initializing Servlet 'dispatcherServlet'
12:57:14.667 [https-jsse-nio-443-exec-8] [34mINFO [0;39m o.s.web.servlet.DispatcherServlet - Completed initialization in 0 ms
12:57:14.773 [https-jsse-nio-443-exec-9] [34mINFO [0;39m c.e.d.filter.FilterForAllTemplates - Filter 1 for all templates URL : https://localhost/login
12:57:19.596 [https-jsse-nio-443-exec-6] [34mINFO [0;39m c.e.d.filter.FilterForAllTemplates - Filter 1 for all templates URL : https://localhost/maiin.html
12:57:19.616 [https-jsse-nio-443-exec-7] [34mINFO [0;39m c.e.d.filter.FilterForAllTemplates - Filter 1 for all templates URL : https://localhost/css/index.css
12:57:19.621 [https-jsse-nio-443-exec-2] [34mINFO [0;39m c.e.d.filter.FilterForAllTemplates - Filter 1 for all templates URL : https://localhost/images/photo.jpg
12:57:19.669 [https-jsse-nio-443-exec-7] [34mINFO [0;39m c.e.d.filter.FilterForAllTemplates - Filter 1 for all templates URL : https://localhost/ConstantBlock.html
12:57:23.526 [https-jsse-nio-443-exec-8] [34mINFO [0;39m c.e.d.filter.FilterForAllTemplates - Filter 1 for all templates URL : https://localhost/workingWithFields.html
12:57:23.553 [https-jsse-nio-443-exec-9] [34mINFO [0;39m c.e.d.filter.FilterForAllTemplates - Filter 1 for all templates URL : https://localhost/css/index23.css
12:57:23.553 [https-jsse-nio-443-exec-10] [34mINFO [0;39m c.e.d.filter.FilterForAllTemplates - Filter 1 for all templates URL : https://localhost/js/workingWithFields.js
12:57:23.567 [https-jsse-nio-443-exec-4] [34mINFO [0;39m c.e.d.filter.FilterForAllTemplates - Filter 1 for all templates URL : https://localhost/ConstantBlock.html
12:57:31.711 [https-jsse-nio-443-exec-5] [34mINFO [0;39m c.e.d.filter.FilterForAllTemplates - Filter 1 for all templates URL : https://localhost/users/findByLogin
12:57:41.392 [https-jsse-nio-443-exec-1] [34mINFO [0;39m c.e.d.filter.FilterForAllTemplates - Filter 1 for all templates URL : https://localhost/users/findAll
12:57:41.392 [https-jsse-nio-443-exec-1] [34mINFO [0;39m c.e.d.filter.FilterForSomeTemplates - Filter 2 for templates - /users/delete and /users/findAll. URI : /users/findAll
14:47:38.382 [background-preinit]   [34mINFO [0;39m o.h.validator.internal.util.Version - HV000001: Hibernate Validator 6.2.0.Final
14:47:38.387 [main]                 [34mINFO [0;39m com.example.demo2.Application - Starting Application using Java 10.0.2 on My-PC with PID 6336 (D:\Java\Project IDEA\demo2\target\classes started by Макс in D:\Java\Project IDEA\demo2)
14:47:38.392 [main]                 [34mINFO [0;39m com.example.demo2.Application - No active profile set, falling back to default profiles: default
14:47:38.957 [background-preinit]   [31mWARN [0;39m o.s.h.c.j.Jackson2ObjectMapperBuilder - For Jackson Kotlin classes support please add "com.fasterxml.jackson.module:jackson-module-kotlin" to the classpath
14:47:39.384 [main]                 [34mINFO [0;39m o.s.d.r.c.RepositoryConfigurationDelegate - Bootstrapping Spring Data JPA repositories in DEFAULT mode.
14:47:39.469 [main]                 [34mINFO [0;39m o.s.d.r.c.RepositoryConfigurationDelegate - Finished Spring Data repository scanning in 76 ms. Found 6 JPA repository interfaces.
14:47:39.882 [main]                 [34mINFO [0;39m o.s.c.s.PostProcessorRegistrationDelegate$BeanPostProcessorChecker - Bean 'org.springframework.security.access.expression.method.DefaultMethodSecurityExpressionHandler@432f521f' of type [org.springframework.security.access.expression.method.DefaultMethodSecurityExpressionHandler] is not eligible for getting processed by all BeanPostProcessors (for example: not eligible for auto-proxying)
14:47:39.886 [main]                 [34mINFO [0;39m o.s.c.s.PostProcessorRegistrationDelegate$BeanPostProcessorChecker - Bean 'methodSecurityMetadataSource' of type [org.springframework.security.access.method.DelegatingMethodSecurityMetadataSource] is not eligible for getting processed by all BeanPostProcessors (for example: not eligible for auto-proxying)
14:47:40.276 [main]                 [34mINFO [0;39m o.s.b.w.e.tomcat.TomcatWebServer - Tomcat initialized with port(s): 443 (https)
14:47:40.288 [main]                 [34mINFO [0;39m o.a.coyote.http11.Http11NioProtocol - Initializing ProtocolHandler ["https-jsse-nio-443"]
14:47:40.289 [main]                 [34mINFO [0;39m o.a.catalina.core.StandardService - Starting service [Tomcat]
14:47:40.289 [main]                 [34mINFO [0;39m o.a.catalina.core.StandardEngine - Starting Servlet engine: [Apache Tomcat/9.0.46]
14:47:40.395 [main]                 [34mINFO [0;39m o.a.c.c.C.[Tomcat].[localhost].[/] - Initializing Spring embedded WebApplicationContext
14:47:40.395 [main]                 [34mINFO [0;39m o.s.b.w.s.c.ServletWebServerApplicationContext - Root WebApplicationContext: initialization completed in 1896 ms
14:47:40.574 [main]                 [34mINFO [0;39m o.f.c.i.license.VersionPrinter - Flyway Community Edition 7.7.3 by Redgate
14:47:40.580 [main]                 [34mINFO [0;39m com.zaxxer.hikari.HikariDataSource - HikariPool-1 - Starting...
14:47:40.853 [main]                 [34mINFO [0;39m com.zaxxer.hikari.HikariDataSource - HikariPool-1 - Start completed.
14:47:40.905 [main]                 [34mINFO [0;39m o.f.c.i.database.base.DatabaseType - Database: jdbc:mysql://localhost:3306/forflyway (MySQL 8.0)
14:47:40.959 [main]                 [34mINFO [0;39m o.f.core.internal.command.DbValidate - Successfully validated 2 migrations (execution time 00:00.025s)
14:47:40.984 [main]                 [34mINFO [0;39m o.f.core.internal.command.DbMigrate - Current version of schema `forflyway`: 2
14:47:40.985 [main]                 [34mINFO [0;39m o.f.core.internal.command.DbMigrate - Schema `forflyway` is up to date. No migration necessary.
14:47:41.074 [main]                 [34mINFO [0;39m o.h.jpa.internal.util.LogHelper - HHH000204: Processing PersistenceUnitInfo [name: default]
14:47:41.129 [main]                 [34mINFO [0;39m org.hibernate.Version - HHH000412: Hibernate ORM core version 5.4.31.Final
14:47:41.253 [main]                 [34mINFO [0;39m o.h.annotations.common.Version - HCANN000001: Hibernate Commons Annotations {5.1.2.Final}
14:47:41.358 [main]                 [34mINFO [0;39m org.hibernate.dialect.Dialect - HHH000400: Using dialect: org.hibernate.dialect.MySQL5Dialect
14:47:42.028 [main]                 [34mINFO [0;39m o.h.e.t.j.p.i.JtaPlatformInitiator - HHH000490: Using JtaPlatform implementation: [org.hibernate.engine.transaction.jta.platform.internal.NoJtaPlatform]
14:47:42.037 [main]                 [34mINFO [0;39m o.s.o.j.LocalContainerEntityManagerFactoryBean - Initialized JPA EntityManagerFactory for persistence unit 'default'
14:47:42.084 [main]                 [31mWARN [0;39m o.s.b.a.o.j.JpaBaseConfiguration$JpaWebConfiguration - spring.jpa.open-in-view is enabled by default. Therefore, database queries may be performed during view rendering. Explicitly configure spring.jpa.open-in-view to disable this warning
14:47:42.881 [main]                 [34mINFO [0;39m o.s.s.web.DefaultSecurityFilterChain - Will secure Ant [pattern='/css/**'] with []
14:47:42.881 [main]                 [34mINFO [0;39m o.s.s.web.DefaultSecurityFilterChain - Will secure Ant [pattern='/js/**'] with []
14:47:42.882 [main]                 [34mINFO [0;39m o.s.s.web.DefaultSecurityFilterChain - Will secure Ant [pattern='/fonts/**'] with []
14:47:42.882 [main]                 [34mINFO [0;39m o.s.s.web.DefaultSecurityFilterChain - Will secure Ant [pattern='/images/**'] with []
14:47:42.915 [main]                 [34mINFO [0;39m o.s.s.w.a.c.ChannelProcessingFilter - Validated configuration attributes
14:47:42.918 [main]                 [34mINFO [0;39m o.s.s.web.DefaultSecurityFilterChain - Will secure any request with [org.springframework.security.web.access.channel.ChannelProcessingFilter@67afc9b6, org.springframework.security.web.context.request.async.WebAsyncManagerIntegrationFilter@1f27f354, org.springframework.security.web.context.SecurityContextPersistenceFilter@237bdbcb, org.springframework.security.web.header.HeaderWriterFilter@2faae7f6, org.springframework.security.web.authentication.logout.LogoutFilter@34d0c331, org.springframework.security.web.authentication.UsernamePasswordAuthenticationFilter@7a79d99c, org.springframework.security.web.savedrequest.RequestCacheAwareFilter@36ec4071, org.springframework.security.web.servletapi.SecurityContextHolderAwareRequestFilter@3d0f4ac4, org.springframework.security.web.authentication.AnonymousAuthenticationFilter@6dc7b7f, org.springframework.security.web.session.SessionManagementFilter@1443539, org.springframework.security.web.access.ExceptionTranslationFilter@61c0fb12, org.springframework.security.web.access.intercept.FilterSecurityInterceptor@b307030]
14:47:43.158 [main]                 [34mINFO [0;39m o.s.b.a.w.s.WelcomePageHandlerMapping - Adding welcome page template: index
14:47:43.333 [main]                 [34mINFO [0;39m o.s.b.a.s.s.UserDetailsServiceAutoConfiguration - 

Using generated security password: ad22da82-a8f9-4432-acac-4c69854c26f5

14:47:43.342 [main]                 [34mINFO [0;39m o.a.coyote.http11.Http11NioProtocol - Starting ProtocolHandler ["https-jsse-nio-443"]
14:47:43.753 [main]                 [34mINFO [0;39m o.s.b.w.e.tomcat.TomcatWebServer - Tomcat started on port(s): 443 (https) with context path ''
14:47:43.770 [main]                 [34mINFO [0;39m com.example.demo2.Application - Started Application in 6.04 seconds (JVM running for 6.58)
14:47:43.771 [main]                 [34mINFO [0;39m o.s.b.a.ApplicationAvailabilityBean - Application availability state LivenessState changed to CORRECT
14:47:43.774 [main]                 [34mINFO [0;39m o.s.b.a.ApplicationAvailabilityBean - Application availability state ReadinessState changed to ACCEPTING_TRAFFIC
14:48:16.668 [https-jsse-nio-443-exec-9] [34mINFO [0;39m o.a.c.c.C.[Tomcat].[localhost].[/] - Initializing Spring DispatcherServlet 'dispatcherServlet'
14:48:16.668 [https-jsse-nio-443-exec-9] [34mINFO [0;39m o.s.web.servlet.DispatcherServlet - Initializing Servlet 'dispatcherServlet'
14:48:16.670 [https-jsse-nio-443-exec-9] [34mINFO [0;39m o.s.web.servlet.DispatcherServlet - Completed initialization in 1 ms
14:48:16.688 [https-jsse-nio-443-exec-9] [34mINFO [0;39m c.e.d.filter.FilterForAllTemplates - Filter 1 for all templates URL : https://localhost/
14:48:16.871 [https-jsse-nio-443-exec-8] [34mINFO [0;39m c.e.d.filter.FilterForAllTemplates - Filter 1 for all templates URL : https://localhost/css/index.css
14:48:16.887 [https-jsse-nio-443-exec-3] [34mINFO [0;39m c.e.d.filter.FilterForAllTemplates - Filter 1 for all templates URL : https://localhost/images/photo.jpg
14:48:20.561 [https-jsse-nio-443-exec-1] [34mINFO [0;39m c.e.d.filter.FilterForAllTemplates - Filter 1 for all templates URL : https://localhost/login
14:48:24.925 [https-jsse-nio-443-exec-3] [34mINFO [0;39m c.e.d.filter.FilterForAllTemplates - Filter 1 for all templates URL : https://localhost/maiin.html
14:48:24.947 [https-jsse-nio-443-exec-7] [34mINFO [0;39m c.e.d.filter.FilterForAllTemplates - Filter 1 for all templates URL : https://localhost/ConstantBlock.html
14:48:26.081 [https-jsse-nio-443-exec-10] [34mINFO [0;39m c.e.d.filter.FilterForAllTemplates - Filter 1 for all templates URL : https://localhost/workingWithFields.html
14:48:26.106 [https-jsse-nio-443-exec-9] [34mINFO [0;39m c.e.d.filter.FilterForAllTemplates - Filter 1 for all templates URL : https://localhost/css/index23.css
14:48:26.112 [https-jsse-nio-443-exec-4] [34mINFO [0;39m c.e.d.filter.FilterForAllTemplates - Filter 1 for all templates URL : https://localhost/js/workingWithFields.js
14:48:26.122 [https-jsse-nio-443-exec-7] [34mINFO [0;39m c.e.d.filter.FilterForAllTemplates - Filter 1 for all templates URL : https://localhost/ConstantBlock.html
14:48:28.140 [https-jsse-nio-443-exec-2] [34mINFO [0;39m c.e.d.filter.FilterForAllTemplates - Filter 1 for all templates URL : https://localhost/users/findAll
14:49:10.509 [main]                 [34mINFO [0;39m com.example.demo2.Application - Starting Application using Java 10.0.2 on My-PC with PID 9212 (D:\Java\Project IDEA\demo2\target\classes started by Макс in D:\Java\Project IDEA\demo2)
14:49:10.509 [main]                 [34mINFO [0;39m com.example.demo2.Application - No active profile set, falling back to default profiles: default
14:49:10.525 [background-preinit]   [34mINFO [0;39m o.h.validator.internal.util.Version - HV000001: Hibernate Validator 6.2.0.Final
14:49:10.931 [background-preinit]   [31mWARN [0;39m o.s.h.c.j.Jackson2ObjectMapperBuilder - For Jackson Kotlin classes support please add "com.fasterxml.jackson.module:jackson-module-kotlin" to the classpath
14:49:11.383 [main]                 [34mINFO [0;39m o.s.d.r.c.RepositoryConfigurationDelegate - Bootstrapping Spring Data JPA repositories in DEFAULT mode.
14:49:11.445 [main]                 [34mINFO [0;39m o.s.d.r.c.RepositoryConfigurationDelegate - Finished Spring Data repository scanning in 65 ms. Found 6 JPA repository interfaces.
14:49:11.820 [main]                 [34mINFO [0;39m o.s.c.s.PostProcessorRegistrationDelegate$BeanPostProcessorChecker - Bean 'org.springframework.security.access.expression.method.DefaultMethodSecurityExpressionHandler@4c7e978c' of type [org.springframework.security.access.expression.method.DefaultMethodSecurityExpressionHandler] is not eligible for getting processed by all BeanPostProcessors (for example: not eligible for auto-proxying)
14:49:11.835 [main]                 [34mINFO [0;39m o.s.c.s.PostProcessorRegistrationDelegate$BeanPostProcessorChecker - Bean 'methodSecurityMetadataSource' of type [org.springframework.security.access.method.DelegatingMethodSecurityMetadataSource] is not eligible for getting processed by all BeanPostProcessors (for example: not eligible for auto-proxying)
14:49:12.210 [main]                 [34mINFO [0;39m o.s.b.w.e.tomcat.TomcatWebServer - Tomcat initialized with port(s): 443 (https)
14:49:12.225 [main]                 [34mINFO [0;39m o.a.coyote.http11.Http11NioProtocol - Initializing ProtocolHandler ["https-jsse-nio-443"]
14:49:12.225 [main]                 [34mINFO [0;39m o.a.catalina.core.StandardService - Starting service [Tomcat]
14:49:12.225 [main]                 [34mINFO [0;39m o.a.catalina.core.StandardEngine - Starting Servlet engine: [Apache Tomcat/9.0.46]
14:49:12.335 [main]                 [34mINFO [0;39m o.a.c.c.C.[Tomcat].[localhost].[/] - Initializing Spring embedded WebApplicationContext
14:49:12.335 [main]                 [34mINFO [0;39m o.s.b.w.s.c.ServletWebServerApplicationContext - Root WebApplicationContext: initialization completed in 1716 ms
14:49:12.491 [main]                 [34mINFO [0;39m o.f.c.i.license.VersionPrinter - Flyway Community Edition 7.7.3 by Redgate
14:49:12.506 [main]                 [34mINFO [0;39m com.zaxxer.hikari.HikariDataSource - HikariPool-1 - Starting...
14:49:12.771 [main]                 [34mINFO [0;39m com.zaxxer.hikari.HikariDataSource - HikariPool-1 - Start completed.
14:49:12.818 [main]                 [34mINFO [0;39m o.f.c.i.database.base.DatabaseType - Database: jdbc:mysql://localhost:3306/forflyway (MySQL 8.0)
14:49:12.865 [main]                 [34mINFO [0;39m o.f.core.internal.command.DbValidate - Successfully validated 2 migrations (execution time 00:00.019s)
14:49:12.881 [main]                 [34mINFO [0;39m o.f.core.internal.command.DbMigrate - Current version of schema `forflyway`: 2
14:49:12.881 [main]                 [34mINFO [0;39m o.f.core.internal.command.DbMigrate - Schema `forflyway` is up to date. No migration necessary.
14:49:12.974 [main]                 [34mINFO [0;39m o.h.jpa.internal.util.LogHelper - HHH000204: Processing PersistenceUnitInfo [name: default]
14:49:13.037 [main]                 [34mINFO [0;39m org.hibernate.Version - HHH000412: Hibernate ORM core version 5.4.31.Final
14:49:13.161 [main]                 [34mINFO [0;39m o.h.annotations.common.Version - HCANN000001: Hibernate Commons Annotations {5.1.2.Final}
14:49:13.271 [main]                 [34mINFO [0;39m org.hibernate.dialect.Dialect - HHH000400: Using dialect: org.hibernate.dialect.MySQL5Dialect
14:49:13.957 [main]                 [34mINFO [0;39m o.h.e.t.j.p.i.JtaPlatformInitiator - HHH000490: Using JtaPlatform implementation: [org.hibernate.engine.transaction.jta.platform.internal.NoJtaPlatform]
14:49:13.973 [main]                 [34mINFO [0;39m o.s.o.j.LocalContainerEntityManagerFactoryBean - Initialized JPA EntityManagerFactory for persistence unit 'default'
14:49:14.051 [main]                 [31mWARN [0;39m o.s.b.a.o.j.JpaBaseConfiguration$JpaWebConfiguration - spring.jpa.open-in-view is enabled by default. Therefore, database queries may be performed during view rendering. Explicitly configure spring.jpa.open-in-view to disable this warning
14:49:14.799 [main]                 [34mINFO [0;39m o.s.s.web.DefaultSecurityFilterChain - Will secure Ant [pattern='/css/**'] with []
14:49:14.799 [main]                 [34mINFO [0;39m o.s.s.web.DefaultSecurityFilterChain - Will secure Ant [pattern='/js/**'] with []
14:49:14.799 [main]                 [34mINFO [0;39m o.s.s.web.DefaultSecurityFilterChain - Will secure Ant [pattern='/fonts/**'] with []
14:49:14.799 [main]                 [34mINFO [0;39m o.s.s.web.DefaultSecurityFilterChain - Will secure Ant [pattern='/images/**'] with []
14:49:14.831 [main]                 [34mINFO [0;39m o.s.s.w.a.c.ChannelProcessingFilter - Validated configuration attributes
14:49:14.831 [main]                 [34mINFO [0;39m o.s.s.web.DefaultSecurityFilterChain - Will secure any request with [org.springframework.security.web.access.channel.ChannelProcessingFilter@571903ff, org.springframework.security.web.context.request.async.WebAsyncManagerIntegrationFilter@727de450, org.springframework.security.web.context.SecurityContextPersistenceFilter@2487b621, org.springframework.security.web.header.HeaderWriterFilter@769a9b7a, org.springframework.security.web.authentication.logout.LogoutFilter@74ab8610, org.springframework.security.web.authentication.UsernamePasswordAuthenticationFilter@3f1e18b1, org.springframework.security.web.savedrequest.RequestCacheAwareFilter@736a8aea, org.springframework.security.web.servletapi.SecurityContextHolderAwareRequestFilter@263f6e96, org.springframework.security.web.authentication.AnonymousAuthenticationFilter@6de4071b, org.springframework.security.web.session.SessionManagementFilter@5003c114, org.springframework.security.web.access.ExceptionTranslationFilter@36696821, org.springframework.security.web.access.intercept.FilterSecurityInterceptor@6ce8bf64]
14:49:15.065 [main]                 [34mINFO [0;39m o.s.b.a.w.s.WelcomePageHandlerMapping - Adding welcome page template: index
14:49:15.236 [main]                 [34mINFO [0;39m o.s.b.a.s.s.UserDetailsServiceAutoConfiguration - 

Using generated security password: 03587638-4bc6-47e0-b15f-efabb7d46d16

14:49:15.236 [main]                 [34mINFO [0;39m o.a.coyote.http11.Http11NioProtocol - Starting ProtocolHandler ["https-jsse-nio-443"]
14:49:15.579 [main]                 [34mINFO [0;39m o.s.b.w.e.tomcat.TomcatWebServer - Tomcat started on port(s): 443 (https) with context path ''
14:49:15.595 [main]                 [34mINFO [0;39m com.example.demo2.Application - Started Application in 5.707 seconds (JVM running for 6.232)
14:49:15.595 [main]                 [34mINFO [0;39m o.s.b.a.ApplicationAvailabilityBean - Application availability state LivenessState changed to CORRECT
14:49:15.595 [main]                 [34mINFO [0;39m o.s.b.a.ApplicationAvailabilityBean - Application availability state ReadinessState changed to ACCEPTING_TRAFFIC
14:49:41.849 [https-jsse-nio-443-exec-8] [34mINFO [0;39m o.a.c.c.C.[Tomcat].[localhost].[/] - Initializing Spring DispatcherServlet 'dispatcherServlet'
14:49:41.850 [https-jsse-nio-443-exec-8] [34mINFO [0;39m o.s.web.servlet.DispatcherServlet - Initializing Servlet 'dispatcherServlet'
14:49:41.851 [https-jsse-nio-443-exec-8] [34mINFO [0;39m o.s.web.servlet.DispatcherServlet - Completed initialization in 1 ms
14:49:41.890 [https-jsse-nio-443-exec-8] [34mINFO [0;39m c.e.d.filter.FilterForAllTemplates - Filter 1 for all templates URL : https://localhost/
14:49:42.109 [https-jsse-nio-443-exec-9] [34mINFO [0;39m c.e.d.filter.FilterForAllTemplates - Filter 1 for all templates URL : https://localhost/css/index.css
14:49:42.120 [https-jsse-nio-443-exec-3] [34mINFO [0;39m c.e.d.filter.FilterForAllTemplates - Filter 1 for all templates URL : https://localhost/images/photo.jpg
14:49:44.946 [https-jsse-nio-443-exec-8] [34mINFO [0;39m c.e.d.filter.FilterForAllTemplates - Filter 1 for all templates URL : https://localhost/login
14:49:49.258 [https-jsse-nio-443-exec-1] [34mINFO [0;39m c.e.d.filter.FilterForAllTemplates - Filter 1 for all templates URL : https://localhost/maiin.html
14:49:49.277 [https-jsse-nio-443-exec-2] [34mINFO [0;39m c.e.d.filter.FilterForAllTemplates - Filter 1 for all templates URL : https://localhost/ConstantBlock.html
14:49:50.614 [https-jsse-nio-443-exec-5] [34mINFO [0;39m c.e.d.filter.FilterForAllTemplates - Filter 1 for all templates URL : https://localhost/workingWithFields.html
14:49:50.636 [https-jsse-nio-443-exec-7] [34mINFO [0;39m c.e.d.filter.FilterForAllTemplates - Filter 1 for all templates URL : https://localhost/js/workingWithFields.js
14:49:50.636 [https-jsse-nio-443-exec-6] [34mINFO [0;39m c.e.d.filter.FilterForAllTemplates - Filter 1 for all templates URL : https://localhost/css/index23.css
14:49:50.652 [https-jsse-nio-443-exec-9] [34mINFO [0;39m c.e.d.filter.FilterForAllTemplates - Filter 1 for all templates URL : https://localhost/ConstantBlock.html
14:49:53.142 [https-jsse-nio-443-exec-3] [34mINFO [0;39m c.e.d.filter.FilterForAllTemplates - Filter 1 for all templates URL : https://localhost/users/findAll
14:49:53.142 [https-jsse-nio-443-exec-3] [34mINFO [0;39m c.e.d.filter.FilterForSomeTemplates - Filter 2 for templates - /users/delete and /users/findAll. URI : /users/findAll
15:00:03.936 [main]                 [34mINFO [0;39m com.example.demo2.Application - Starting Application using Java 10.0.2 on My-PC with PID 5496 (D:\Java\Project IDEA\demo2\target\classes started by Макс in D:\Java\Project IDEA\demo2)
15:00:03.936 [main]                 [34mINFO [0;39m com.example.demo2.Application - No active profile set, falling back to default profiles: default
15:00:03.952 [background-preinit]   [34mINFO [0;39m o.h.validator.internal.util.Version - HV000001: Hibernate Validator 6.2.0.Final
15:00:04.389 [background-preinit]   [31mWARN [0;39m o.s.h.c.j.Jackson2ObjectMapperBuilder - For Jackson Kotlin classes support please add "com.fasterxml.jackson.module:jackson-module-kotlin" to the classpath
15:00:04.779 [main]                 [34mINFO [0;39m o.s.d.r.c.RepositoryConfigurationDelegate - Bootstrapping Spring Data JPA repositories in DEFAULT mode.
15:00:04.857 [main]                 [34mINFO [0;39m o.s.d.r.c.RepositoryConfigurationDelegate - Finished Spring Data repository scanning in 72 ms. Found 6 JPA repository interfaces.
15:00:05.247 [main]                 [34mINFO [0;39m o.s.c.s.PostProcessorRegistrationDelegate$BeanPostProcessorChecker - Bean 'org.springframework.security.access.expression.method.DefaultMethodSecurityExpressionHandler@2e1ddc90' of type [org.springframework.security.access.expression.method.DefaultMethodSecurityExpressionHandler] is not eligible for getting processed by all BeanPostProcessors (for example: not eligible for auto-proxying)
15:00:05.262 [main]                 [34mINFO [0;39m o.s.c.s.PostProcessorRegistrationDelegate$BeanPostProcessorChecker - Bean 'methodSecurityMetadataSource' of type [org.springframework.security.access.method.DelegatingMethodSecurityMetadataSource] is not eligible for getting processed by all BeanPostProcessors (for example: not eligible for auto-proxying)
15:00:05.652 [main]                 [34mINFO [0;39m o.s.b.w.e.tomcat.TomcatWebServer - Tomcat initialized with port(s): 443 (https)
15:00:05.668 [main]                 [34mINFO [0;39m o.a.coyote.http11.Http11NioProtocol - Initializing ProtocolHandler ["https-jsse-nio-443"]
15:00:05.668 [main]                 [34mINFO [0;39m o.a.catalina.core.StandardService - Starting service [Tomcat]
15:00:05.668 [main]                 [34mINFO [0;39m o.a.catalina.core.StandardEngine - Starting Servlet engine: [Apache Tomcat/9.0.46]
15:00:05.777 [main]                 [34mINFO [0;39m o.a.c.c.C.[Tomcat].[localhost].[/] - Initializing Spring embedded WebApplicationContext
15:00:05.777 [main]                 [34mINFO [0;39m o.s.b.w.s.c.ServletWebServerApplicationContext - Root WebApplicationContext: initialization completed in 1778 ms
15:00:05.964 [main]                 [34mINFO [0;39m o.f.c.i.license.VersionPrinter - Flyway Community Edition 7.7.3 by Redgate
15:00:05.980 [main]                 [34mINFO [0;39m com.zaxxer.hikari.HikariDataSource - HikariPool-1 - Starting...
15:00:06.229 [main]                 [34mINFO [0;39m com.zaxxer.hikari.HikariDataSource - HikariPool-1 - Start completed.
15:00:06.276 [main]                 [34mINFO [0;39m o.f.c.i.database.base.DatabaseType - Database: jdbc:mysql://localhost:3306/forflyway (MySQL 8.0)
15:00:06.323 [main]                 [34mINFO [0;39m o.f.core.internal.command.DbValidate - Successfully validated 2 migrations (execution time 00:00.024s)
15:00:06.339 [main]                 [34mINFO [0;39m o.f.core.internal.command.DbMigrate - Current version of schema `forflyway`: 2
15:00:06.339 [main]                 [34mINFO [0;39m o.f.core.internal.command.DbMigrate - Schema `forflyway` is up to date. No migration necessary.
15:00:06.448 [main]                 [34mINFO [0;39m o.h.jpa.internal.util.LogHelper - HHH000204: Processing PersistenceUnitInfo [name: default]
15:00:06.510 [main]                 [34mINFO [0;39m org.hibernate.Version - HHH000412: Hibernate ORM core version 5.4.31.Final
15:00:06.619 [main]                 [34mINFO [0;39m o.h.annotations.common.Version - HCANN000001: Hibernate Commons Annotations {5.1.2.Final}
15:00:06.713 [main]                 [34mINFO [0;39m org.hibernate.dialect.Dialect - HHH000400: Using dialect: org.hibernate.dialect.MySQL5Dialect
15:00:07.384 [main]                 [34mINFO [0;39m o.h.e.t.j.p.i.JtaPlatformInitiator - HHH000490: Using JtaPlatform implementation: [org.hibernate.engine.transaction.jta.platform.internal.NoJtaPlatform]
15:00:07.399 [main]                 [34mINFO [0;39m o.s.o.j.LocalContainerEntityManagerFactoryBean - Initialized JPA EntityManagerFactory for persistence unit 'default'
15:00:07.446 [main]                 [31mWARN [0;39m o.s.b.a.o.j.JpaBaseConfiguration$JpaWebConfiguration - spring.jpa.open-in-view is enabled by default. Therefore, database queries may be performed during view rendering. Explicitly configure spring.jpa.open-in-view to disable this warning
15:00:08.242 [main]                 [34mINFO [0;39m o.s.s.web.DefaultSecurityFilterChain - Will secure Ant [pattern='/css/**'] with []
15:00:08.242 [main]                 [34mINFO [0;39m o.s.s.web.DefaultSecurityFilterChain - Will secure Ant [pattern='/js/**'] with []
15:00:08.242 [main]                 [34mINFO [0;39m o.s.s.web.DefaultSecurityFilterChain - Will secure Ant [pattern='/fonts/**'] with []
15:00:08.242 [main]                 [34mINFO [0;39m o.s.s.web.DefaultSecurityFilterChain - Will secure Ant [pattern='/images/**'] with []
15:00:08.273 [main]                 [34mINFO [0;39m o.s.s.w.a.c.ChannelProcessingFilter - Validated configuration attributes
15:00:08.273 [main]                 [34mINFO [0;39m o.s.s.web.DefaultSecurityFilterChain - Will secure any request with [org.springframework.security.web.access.channel.ChannelProcessingFilter@3fe3ebb3, org.springframework.security.web.context.request.async.WebAsyncManagerIntegrationFilter@22fe90df, org.springframework.security.web.context.SecurityContextPersistenceFilter@2487b621, org.springframework.security.web.header.HeaderWriterFilter@769a9b7a, org.springframework.security.web.authentication.logout.LogoutFilter@40b958c5, org.springframework.security.web.authentication.UsernamePasswordAuthenticationFilter@6f30d0eb, org.springframework.security.web.savedrequest.RequestCacheAwareFilter@736a8aea, org.springframework.security.web.servletapi.SecurityContextHolderAwareRequestFilter@263f6e96, org.springframework.security.web.authentication.AnonymousAuthenticationFilter@2604940, org.springframework.security.web.session.SessionManagementFilter@5003c114, org.springframework.security.web.access.ExceptionTranslationFilter@36696821, org.springframework.security.web.access.intercept.FilterSecurityInterceptor@6ac0fd1d]
15:00:08.491 [main]                 [34mINFO [0;39m o.s.b.a.w.s.WelcomePageHandlerMapping - Adding welcome page template: index
15:00:08.679 [main]                 [34mINFO [0;39m o.s.b.a.s.s.UserDetailsServiceAutoConfiguration - 

Using generated security password: 3dafc831-fe1a-477f-acce-ac4494401d6b

15:00:08.679 [main]                 [34mINFO [0;39m o.a.coyote.http11.Http11NioProtocol - Starting ProtocolHandler ["https-jsse-nio-443"]
15:00:09.209 [main]                 [34mINFO [0;39m o.s.b.w.e.tomcat.TomcatWebServer - Tomcat started on port(s): 443 (https) with context path ''
15:00:09.225 [main]                 [34mINFO [0;39m com.example.demo2.Application - Started Application in 5.874 seconds (JVM running for 6.397)
15:00:09.225 [main]                 [34mINFO [0;39m o.s.b.a.ApplicationAvailabilityBean - Application availability state LivenessState changed to CORRECT
15:00:09.225 [main]                 [34mINFO [0;39m o.s.b.a.ApplicationAvailabilityBean - Application availability state ReadinessState changed to ACCEPTING_TRAFFIC
15:00:22.277 [https-jsse-nio-443-exec-8] [34mINFO [0;39m o.a.c.c.C.[Tomcat].[localhost].[/] - Initializing Spring DispatcherServlet 'dispatcherServlet'
15:00:22.277 [https-jsse-nio-443-exec-8] [34mINFO [0;39m o.s.web.servlet.DispatcherServlet - Initializing Servlet 'dispatcherServlet'
15:00:22.277 [https-jsse-nio-443-exec-8] [34mINFO [0;39m o.s.web.servlet.DispatcherServlet - Completed initialization in 0 ms
15:00:22.293 [https-jsse-nio-443-exec-8] [34mINFO [0;39m c.e.d.filter.FilterForAllTemplates - Filter 1 for all templates URL : https://localhost/
15:00:22.496 [https-jsse-nio-443-exec-9] [34mINFO [0;39m c.e.d.filter.FilterForAllTemplates - Filter 1 for all templates URL : https://localhost/css/index.css
15:00:22.511 [https-jsse-nio-443-exec-6] [34mINFO [0;39m c.e.d.filter.FilterForAllTemplates - Filter 1 for all templates URL : https://localhost/images/photo.jpg
15:00:24.182 [https-jsse-nio-443-exec-7] [34mINFO [0;39m c.e.d.filter.FilterForAllTemplates - Filter 1 for all templates URL : https://localhost/
15:00:24.222 [https-jsse-nio-443-exec-8] [34mINFO [0;39m c.e.d.filter.FilterForAllTemplates - Filter 1 for all templates URL : https://localhost/css/index.css
15:00:24.224 [https-jsse-nio-443-exec-10] [34mINFO [0;39m c.e.d.filter.FilterForAllTemplates - Filter 1 for all templates URL : https://localhost/images/photo.jpg
15:00:26.086 [https-jsse-nio-443-exec-1] [34mINFO [0;39m c.e.d.filter.FilterForAllTemplates - Filter 1 for all templates URL : https://localhost/login
15:00:32.706 [https-jsse-nio-443-exec-4] [34mINFO [0;39m c.e.d.filter.FilterForAllTemplates - Filter 1 for all templates URL : https://localhost/maiin.html
15:00:32.728 [https-jsse-nio-443-exec-5] [34mINFO [0;39m c.e.d.filter.FilterForAllTemplates - Filter 1 for all templates URL : https://localhost/ConstantBlock.html
15:00:33.745 [https-jsse-nio-443-exec-9] [34mINFO [0;39m c.e.d.filter.FilterForAllTemplates - Filter 1 for all templates URL : https://localhost/workingWithFields.html
15:00:33.769 [https-jsse-nio-443-exec-6] [34mINFO [0;39m c.e.d.filter.FilterForAllTemplates - Filter 1 for all templates URL : https://localhost/css/index23.css
15:00:33.769 [https-jsse-nio-443-exec-7] [34mINFO [0;39m c.e.d.filter.FilterForAllTemplates - Filter 1 for all templates URL : https://localhost/js/workingWithFields.js
15:00:33.792 [https-jsse-nio-443-exec-8] [34mINFO [0;39m c.e.d.filter.FilterForAllTemplates - Filter 1 for all templates URL : https://localhost/ConstantBlock.html
15:00:34.994 [https-jsse-nio-443-exec-10] [34mINFO [0;39m c.e.d.filter.FilterForAllTemplates - Filter 1 for all templates URL : https://localhost/users/findAll
15:00:34.994 [https-jsse-nio-443-exec-10] [34mINFO [0;39m c.e.d.filter.FilterForSomeTemplates - Filter 2 for templates - /users/delete and /users/findAll. URI : a
15:03:26.628 [background-preinit]   [34mINFO [0;39m o.h.validator.internal.util.Version - HV000001: Hibernate Validator 6.2.0.Final
15:03:26.628 [main]                 [34mINFO [0;39m com.example.demo2.Application - Starting Application using Java 10.0.2 on My-PC with PID 9484 (D:\Java\Project IDEA\demo2\target\classes started by Макс in D:\Java\Project IDEA\demo2)
15:03:26.628 [main]                 [34mINFO [0;39m com.example.demo2.Application - No active profile set, falling back to default profiles: default
15:03:27.065 [background-preinit]   [31mWARN [0;39m o.s.h.c.j.Jackson2ObjectMapperBuilder - For Jackson Kotlin classes support please add "com.fasterxml.jackson.module:jackson-module-kotlin" to the classpath
15:03:27.471 [main]                 [34mINFO [0;39m o.s.d.r.c.RepositoryConfigurationDelegate - Bootstrapping Spring Data JPA repositories in DEFAULT mode.
15:03:27.549 [main]                 [34mINFO [0;39m o.s.d.r.c.RepositoryConfigurationDelegate - Finished Spring Data repository scanning in 66 ms. Found 6 JPA repository interfaces.
15:03:27.954 [main]                 [34mINFO [0;39m o.s.c.s.PostProcessorRegistrationDelegate$BeanPostProcessorChecker - Bean 'org.springframework.security.access.expression.method.DefaultMethodSecurityExpressionHandler@8d8f754' of type [org.springframework.security.access.expression.method.DefaultMethodSecurityExpressionHandler] is not eligible for getting processed by all BeanPostProcessors (for example: not eligible for auto-proxying)
15:03:27.954 [main]                 [34mINFO [0;39m o.s.c.s.PostProcessorRegistrationDelegate$BeanPostProcessorChecker - Bean 'methodSecurityMetadataSource' of type [org.springframework.security.access.method.DelegatingMethodSecurityMetadataSource] is not eligible for getting processed by all BeanPostProcessors (for example: not eligible for auto-proxying)
15:03:28.344 [main]                 [34mINFO [0;39m o.s.b.w.e.tomcat.TomcatWebServer - Tomcat initialized with port(s): 443 (https)
15:03:28.360 [main]                 [34mINFO [0;39m o.a.coyote.http11.Http11NioProtocol - Initializing ProtocolHandler ["https-jsse-nio-443"]
15:03:28.360 [main]                 [34mINFO [0;39m o.a.catalina.core.StandardService - Starting service [Tomcat]
15:03:28.360 [main]                 [34mINFO [0;39m o.a.catalina.core.StandardEngine - Starting Servlet engine: [Apache Tomcat/9.0.46]
15:03:28.454 [main]                 [34mINFO [0;39m o.a.c.c.C.[Tomcat].[localhost].[/] - Initializing Spring embedded WebApplicationContext
15:03:28.454 [main]                 [34mINFO [0;39m o.s.b.w.s.c.ServletWebServerApplicationContext - Root WebApplicationContext: initialization completed in 1763 ms
15:03:28.610 [main]                 [34mINFO [0;39m o.f.c.i.license.VersionPrinter - Flyway Community Edition 7.7.3 by Redgate
15:03:28.625 [main]                 [34mINFO [0;39m com.zaxxer.hikari.HikariDataSource - HikariPool-1 - Starting...
15:03:28.875 [main]                 [34mINFO [0;39m com.zaxxer.hikari.HikariDataSource - HikariPool-1 - Start completed.
15:03:28.937 [main]                 [34mINFO [0;39m o.f.c.i.database.base.DatabaseType - Database: jdbc:mysql://localhost:3306/forflyway (MySQL 8.0)
15:03:28.984 [main]                 [34mINFO [0;39m o.f.core.internal.command.DbValidate - Successfully validated 2 migrations (execution time 00:00.018s)
15:03:29.000 [main]                 [34mINFO [0;39m o.f.core.internal.command.DbMigrate - Current version of schema `forflyway`: 2
15:03:29.000 [main]                 [34mINFO [0;39m o.f.core.internal.command.DbMigrate - Schema `forflyway` is up to date. No migration necessary.
15:03:29.109 [main]                 [34mINFO [0;39m o.h.jpa.internal.util.LogHelper - HHH000204: Processing PersistenceUnitInfo [name: default]
15:03:29.156 [main]                 [34mINFO [0;39m org.hibernate.Version - HHH000412: Hibernate ORM core version 5.4.31.Final
15:03:29.280 [main]                 [34mINFO [0;39m o.h.annotations.common.Version - HCANN000001: Hibernate Commons Annotations {5.1.2.Final}
15:03:29.374 [main]                 [34mINFO [0;39m org.hibernate.dialect.Dialect - HHH000400: Using dialect: org.hibernate.dialect.MySQL5Dialect
15:03:30.045 [main]                 [34mINFO [0;39m o.h.e.t.j.p.i.JtaPlatformInitiator - HHH000490: Using JtaPlatform implementation: [org.hibernate.engine.transaction.jta.platform.internal.NoJtaPlatform]
15:03:30.045 [main]                 [34mINFO [0;39m o.s.o.j.LocalContainerEntityManagerFactoryBean - Initialized JPA EntityManagerFactory for persistence unit 'default'
15:03:30.092 [main]                 [31mWARN [0;39m o.s.b.a.o.j.JpaBaseConfiguration$JpaWebConfiguration - spring.jpa.open-in-view is enabled by default. Therefore, database queries may be performed during view rendering. Explicitly configure spring.jpa.open-in-view to disable this warning
15:03:30.887 [main]                 [34mINFO [0;39m o.s.s.web.DefaultSecurityFilterChain - Will secure Ant [pattern='/css/**'] with []
15:03:30.887 [main]                 [34mINFO [0;39m o.s.s.web.DefaultSecurityFilterChain - Will secure Ant [pattern='/js/**'] with []
15:03:30.887 [main]                 [34mINFO [0;39m o.s.s.web.DefaultSecurityFilterChain - Will secure Ant [pattern='/fonts/**'] with []
15:03:30.887 [main]                 [34mINFO [0;39m o.s.s.web.DefaultSecurityFilterChain - Will secure Ant [pattern='/images/**'] with []
15:03:30.918 [main]                 [34mINFO [0;39m o.s.s.w.a.c.ChannelProcessingFilter - Validated configuration attributes
15:03:30.918 [main]                 [34mINFO [0;39m o.s.s.web.DefaultSecurityFilterChain - Will secure any request with [org.springframework.security.web.access.channel.ChannelProcessingFilter@3f0b5619, org.springframework.security.web.context.request.async.WebAsyncManagerIntegrationFilter@7a79d99c, org.springframework.security.web.context.SecurityContextPersistenceFilter@3e5ed0d4, org.springframework.security.web.header.HeaderWriterFilter@73e63b4d, org.springframework.security.web.authentication.logout.LogoutFilter@3958db82, org.springframework.security.web.authentication.UsernamePasswordAuthenticationFilter@36ce9eaf, org.springframework.security.web.savedrequest.RequestCacheAwareFilter@56f19f36, org.springframework.security.web.servletapi.SecurityContextHolderAwareRequestFilter@237bdbcb, org.springframework.security.web.authentication.AnonymousAuthenticationFilter@1f27f354, org.springframework.security.web.session.SessionManagementFilter@3c717ef2, org.springframework.security.web.access.ExceptionTranslationFilter@1104ad6a, org.springframework.security.web.access.intercept.FilterSecurityInterceptor@2caa9666]
15:03:31.168 [main]                 [34mINFO [0;39m o.s.b.a.w.s.WelcomePageHandlerMapping - Adding welcome page template: index
15:03:31.340 [main]                 [34mINFO [0;39m o.s.b.a.s.s.UserDetailsServiceAutoConfiguration - 

Using generated security password: 504a02eb-d74c-4a00-8a9d-b87197276288

15:03:31.355 [main]                 [34mINFO [0;39m o.a.coyote.http11.Http11NioProtocol - Starting ProtocolHandler ["https-jsse-nio-443"]
15:03:31.901 [main]                 [34mINFO [0;39m o.s.b.w.e.tomcat.TomcatWebServer - Tomcat started on port(s): 443 (https) with context path ''
15:03:31.901 [main]                 [34mINFO [0;39m com.example.demo2.Application - Started Application in 5.88 seconds (JVM running for 6.404)
15:03:31.901 [main]                 [34mINFO [0;39m o.s.b.a.ApplicationAvailabilityBean - Application availability state LivenessState changed to CORRECT
15:03:31.901 [main]                 [34mINFO [0;39m o.s.b.a.ApplicationAvailabilityBean - Application availability state ReadinessState changed to ACCEPTING_TRAFFIC
15:03:38.168 [https-jsse-nio-443-exec-6] [34mINFO [0;39m o.a.c.c.C.[Tomcat].[localhost].[/] - Initializing Spring DispatcherServlet 'dispatcherServlet'
15:03:38.168 [https-jsse-nio-443-exec-6] [34mINFO [0;39m o.s.web.servlet.DispatcherServlet - Initializing Servlet 'dispatcherServlet'
15:03:38.169 [https-jsse-nio-443-exec-6] [34mINFO [0;39m o.s.web.servlet.DispatcherServlet - Completed initialization in 1 ms
15:03:38.258 [https-jsse-nio-443-exec-9] [34mINFO [0;39m c.e.d.filter.FilterForAllTemplates - Filter 1 for all templates URL : https://localhost/login
15:03:43.341 [https-jsse-nio-443-exec-4] [34mINFO [0;39m c.e.d.filter.FilterForAllTemplates - Filter 1 for all templates URL : https://localhost/maiin.html
15:03:43.361 [https-jsse-nio-443-exec-7] [34mINFO [0;39m c.e.d.filter.FilterForAllTemplates - Filter 1 for all templates URL : https://localhost/css/index.css
15:03:43.367 [https-jsse-nio-443-exec-5] [34mINFO [0;39m c.e.d.filter.FilterForAllTemplates - Filter 1 for all templates URL : https://localhost/images/photo.jpg
15:03:43.379 [https-jsse-nio-443-exec-4] [34mINFO [0;39m c.e.d.filter.FilterForAllTemplates - Filter 1 for all templates URL : https://localhost/ConstantBlock.html
15:03:44.673 [https-jsse-nio-443-exec-8] [34mINFO [0;39m c.e.d.filter.FilterForAllTemplates - Filter 1 for all templates URL : https://localhost/workingWithFields.html
15:03:44.697 [https-jsse-nio-443-exec-6] [34mINFO [0;39m c.e.d.filter.FilterForAllTemplates - Filter 1 for all templates URL : https://localhost/css/index23.css
15:03:44.712 [https-jsse-nio-443-exec-9] [34mINFO [0;39m c.e.d.filter.FilterForAllTemplates - Filter 1 for all templates URL : https://localhost/ConstantBlock.html
15:03:47.937 [https-jsse-nio-443-exec-1] [34mINFO [0;39m c.e.d.filter.FilterForAllTemplates - Filter 1 for all templates URL : https://localhost/users/findAll
15:03:47.937 [https-jsse-nio-443-exec-1] [34mINFO [0;39m c.e.d.filter.FilterForSomeTemplates - Filter 2 for templates - /users/delete and /users/findAll. URI : /users/findAll and User Name : a
15:04:30.127 [background-preinit]   [34mINFO [0;39m o.h.validator.internal.util.Version - HV000001: Hibernate Validator 6.2.0.Final
15:04:30.127 [main]                 [34mINFO [0;39m com.example.demo2.Application - Starting Application using Java 10.0.2 on My-PC with PID 10016 (D:\Java\Project IDEA\demo2\target\classes started by Макс in D:\Java\Project IDEA\demo2)
15:04:30.127 [main]                 [34mINFO [0;39m com.example.demo2.Application - No active profile set, falling back to default profiles: default
15:04:30.610 [background-preinit]   [31mWARN [0;39m o.s.h.c.j.Jackson2ObjectMapperBuilder - For Jackson Kotlin classes support please add "com.fasterxml.jackson.module:jackson-module-kotlin" to the classpath
15:04:31.000 [main]                 [34mINFO [0;39m o.s.d.r.c.RepositoryConfigurationDelegate - Bootstrapping Spring Data JPA repositories in DEFAULT mode.
15:04:31.078 [main]                 [34mINFO [0;39m o.s.d.r.c.RepositoryConfigurationDelegate - Finished Spring Data repository scanning in 60 ms. Found 6 JPA repository interfaces.
15:04:31.484 [main]                 [34mINFO [0;39m o.s.c.s.PostProcessorRegistrationDelegate$BeanPostProcessorChecker - Bean 'org.springframework.security.access.expression.method.DefaultMethodSecurityExpressionHandler@d613308' of type [org.springframework.security.access.expression.method.DefaultMethodSecurityExpressionHandler] is not eligible for getting processed by all BeanPostProcessors (for example: not eligible for auto-proxying)
15:04:31.484 [main]                 [34mINFO [0;39m o.s.c.s.PostProcessorRegistrationDelegate$BeanPostProcessorChecker - Bean 'methodSecurityMetadataSource' of type [org.springframework.security.access.method.DelegatingMethodSecurityMetadataSource] is not eligible for getting processed by all BeanPostProcessors (for example: not eligible for auto-proxying)
15:04:31.874 [main]                 [34mINFO [0;39m o.s.b.w.e.tomcat.TomcatWebServer - Tomcat initialized with port(s): 443 (https)
15:04:31.885 [main]                 [34mINFO [0;39m o.a.coyote.http11.Http11NioProtocol - Initializing ProtocolHandler ["https-jsse-nio-443"]
15:04:31.886 [main]                 [34mINFO [0;39m o.a.catalina.core.StandardService - Starting service [Tomcat]
15:04:31.886 [main]                 [34mINFO [0;39m o.a.catalina.core.StandardEngine - Starting Servlet engine: [Apache Tomcat/9.0.46]
15:04:31.974 [main]                 [34mINFO [0;39m o.a.c.c.C.[Tomcat].[localhost].[/] - Initializing Spring embedded WebApplicationContext
15:04:31.974 [main]                 [34mINFO [0;39m o.s.b.w.s.c.ServletWebServerApplicationContext - Root WebApplicationContext: initialization completed in 1785 ms
15:04:32.174 [main]                 [34mINFO [0;39m o.f.c.i.license.VersionPrinter - Flyway Community Edition 7.7.3 by Redgate
15:04:32.179 [main]                 [34mINFO [0;39m com.zaxxer.hikari.HikariDataSource - HikariPool-1 - Starting...
15:04:32.441 [main]                 [34mINFO [0;39m com.zaxxer.hikari.HikariDataSource - HikariPool-1 - Start completed.
15:04:32.488 [main]                 [34mINFO [0;39m o.f.c.i.database.base.DatabaseType - Database: jdbc:mysql://localhost:3306/forflyway (MySQL 8.0)
15:04:32.519 [main]                 [34mINFO [0;39m o.f.core.internal.command.DbValidate - Successfully validated 2 migrations (execution time 00:00.020s)
15:04:32.534 [main]                 [34mINFO [0;39m o.f.core.internal.command.DbMigrate - Current version of schema `forflyway`: 2
15:04:32.534 [main]                 [34mINFO [0;39m o.f.core.internal.command.DbMigrate - Schema `forflyway` is up to date. No migration necessary.
15:04:32.630 [main]                 [34mINFO [0;39m o.h.jpa.internal.util.LogHelper - HHH000204: Processing PersistenceUnitInfo [name: default]
15:04:32.690 [main]                 [34mINFO [0;39m org.hibernate.Version - HHH000412: Hibernate ORM core version 5.4.31.Final
15:04:32.830 [main]                 [34mINFO [0;39m o.h.annotations.common.Version - HCANN000001: Hibernate Commons Annotations {5.1.2.Final}
15:04:32.934 [main]                 [34mINFO [0;39m org.hibernate.dialect.Dialect - HHH000400: Using dialect: org.hibernate.dialect.MySQL5Dialect
15:04:33.695 [main]                 [34mINFO [0;39m o.h.e.t.j.p.i.JtaPlatformInitiator - HHH000490: Using JtaPlatform implementation: [org.hibernate.engine.transaction.jta.platform.internal.NoJtaPlatform]
15:04:33.695 [main]                 [34mINFO [0;39m o.s.o.j.LocalContainerEntityManagerFactoryBean - Initialized JPA EntityManagerFactory for persistence unit 'default'
15:04:33.742 [main]                 [31mWARN [0;39m o.s.b.a.o.j.JpaBaseConfiguration$JpaWebConfiguration - spring.jpa.open-in-view is enabled by default. Therefore, database queries may be performed during view rendering. Explicitly configure spring.jpa.open-in-view to disable this warning
15:04:34.522 [main]                 [34mINFO [0;39m o.s.s.web.DefaultSecurityFilterChain - Will secure Ant [pattern='/css/**'] with []
15:04:34.522 [main]                 [34mINFO [0;39m o.s.s.web.DefaultSecurityFilterChain - Will secure Ant [pattern='/js/**'] with []
15:04:34.522 [main]                 [34mINFO [0;39m o.s.s.web.DefaultSecurityFilterChain - Will secure Ant [pattern='/fonts/**'] with []
15:04:34.522 [main]                 [34mINFO [0;39m o.s.s.web.DefaultSecurityFilterChain - Will secure Ant [pattern='/images/**'] with []
15:04:34.553 [main]                 [34mINFO [0;39m o.s.s.w.a.c.ChannelProcessingFilter - Validated configuration attributes
15:04:34.553 [main]                 [34mINFO [0;39m o.s.s.web.DefaultSecurityFilterChain - Will secure any request with [org.springframework.security.web.access.channel.ChannelProcessingFilter@3f0b5619, org.springframework.security.web.context.request.async.WebAsyncManagerIntegrationFilter@7a79d99c, org.springframework.security.web.context.SecurityContextPersistenceFilter@3e5ed0d4, org.springframework.security.web.header.HeaderWriterFilter@73e63b4d, org.springframework.security.web.authentication.logout.LogoutFilter@3958db82, org.springframework.security.web.authentication.UsernamePasswordAuthenticationFilter@36ce9eaf, org.springframework.security.web.savedrequest.RequestCacheAwareFilter@56f19f36, org.springframework.security.web.servletapi.SecurityContextHolderAwareRequestFilter@237bdbcb, org.springframework.security.web.authentication.AnonymousAuthenticationFilter@1f27f354, org.springframework.security.web.session.SessionManagementFilter@3c717ef2, org.springframework.security.web.access.ExceptionTranslationFilter@1104ad6a, org.springframework.security.web.access.intercept.FilterSecurityInterceptor@2caa9666]
15:04:34.787 [main]                 [34mINFO [0;39m o.s.b.a.w.s.WelcomePageHandlerMapping - Adding welcome page template: index
15:04:34.959 [main]                 [34mINFO [0;39m o.s.b.a.s.s.UserDetailsServiceAutoConfiguration - 

Using generated security password: 4ac7fa9a-348e-4be3-9291-81524ee1bf21

15:04:34.975 [main]                 [34mINFO [0;39m o.a.coyote.http11.Http11NioProtocol - Starting ProtocolHandler ["https-jsse-nio-443"]
15:04:35.411 [main]                 [34mINFO [0;39m o.s.b.w.e.tomcat.TomcatWebServer - Tomcat started on port(s): 443 (https) with context path ''
15:04:35.411 [main]                 [34mINFO [0;39m com.example.demo2.Application - Started Application in 5.909 seconds (JVM running for 6.422)
15:04:35.411 [main]                 [34mINFO [0;39m o.s.b.a.ApplicationAvailabilityBean - Application availability state LivenessState changed to CORRECT
15:04:35.411 [main]                 [34mINFO [0;39m o.s.b.a.ApplicationAvailabilityBean - Application availability state ReadinessState changed to ACCEPTING_TRAFFIC
15:04:39.387 [https-jsse-nio-443-exec-5] [34mINFO [0;39m o.a.c.c.C.[Tomcat].[localhost].[/] - Initializing Spring DispatcherServlet 'dispatcherServlet'
15:04:39.388 [https-jsse-nio-443-exec-5] [34mINFO [0;39m o.s.web.servlet.DispatcherServlet - Initializing Servlet 'dispatcherServlet'
15:04:39.389 [https-jsse-nio-443-exec-5] [34mINFO [0;39m o.s.web.servlet.DispatcherServlet - Completed initialization in 1 ms
15:04:39.478 [https-jsse-nio-443-exec-8] [34mINFO [0;39m c.e.d.filter.FilterForAllTemplates - Filter 1 for all templates URL : https://localhost/login
15:04:43.194 [https-jsse-nio-443-exec-6] [34mINFO [0;39m c.e.d.filter.FilterForAllTemplates - Filter 1 for all templates URL : https://localhost/maiin.html
15:04:43.213 [https-jsse-nio-443-exec-7] [34mINFO [0;39m c.e.d.filter.FilterForAllTemplates - Filter 1 for all templates URL : https://localhost/css/index.css
15:04:43.219 [https-jsse-nio-443-exec-10] [34mINFO [0;39m c.e.d.filter.FilterForAllTemplates - Filter 1 for all templates URL : https://localhost/images/photo.jpg
15:04:43.235 [https-jsse-nio-443-exec-6] [34mINFO [0;39m c.e.d.filter.FilterForAllTemplates - Filter 1 for all templates URL : https://localhost/ConstantBlock.html
15:04:44.424 [https-jsse-nio-443-exec-2] [34mINFO [0;39m c.e.d.filter.FilterForAllTemplates - Filter 1 for all templates URL : https://localhost/workingWithFields.html
15:04:44.437 [https-jsse-nio-443-exec-3] [34mINFO [0;39m c.e.d.filter.FilterForAllTemplates - Filter 1 for all templates URL : https://localhost/css/index23.css
15:04:44.448 [https-jsse-nio-443-exec-5] [34mINFO [0;39m c.e.d.filter.FilterForAllTemplates - Filter 1 for all templates URL : https://localhost/ConstantBlock.html
15:04:46.439 [https-jsse-nio-443-exec-7] [34mINFO [0;39m c.e.d.filter.FilterForAllTemplates - Filter 1 for all templates URL : https://localhost/users/findAll
15:04:46.439 [https-jsse-nio-443-exec-7] [34mINFO [0;39m c.e.d.filter.FilterForSomeTemplates - Filter 2 for templates - /users/delete and /users/findAll. URI : /users/findAll, User Name : a
